---------------------------------------------------------------
[ 2023-03-06T11:41:06+08:00 ] 172.17.142.12 27.187.130.111 POST /index.php/handle/Xcx/getUserInfo
[ info ] www.jiajiazxgg.com/index.php/handle/Xcx/getUserInfo [运行时间：0.050843s][吞吐率：19.67req/s] [内存消耗：2,175.51kb] [文件加载：46]
[ info ] [ LANG ] /www/wwwroot/www.jiajiazxgg.com/yado/lang/zh-cn.php
[ info ] [ LANG ] /www/wwwroot/www.jiajiazxgg.com/public/../webapp/lang/zh-cn.php
[ info ] [ ROUTE ] array (
  'type' => 'module',
  'module' => 
  array (
    0 => 'handle',
    1 => 'Xcx',
    2 => 'getUserInfo',
  ),
)
[ info ] [ HEADER ] array (
  'referer' => 'https://servicewechat.com/wx63e3f8696c8618e8/18/page-frame.html',
  'accept-encoding' => 'gzip,compress,br,deflate',
  'content-type' => 'application/json',
  'user-agent' => 'Mozilla/5.0 (Linux; Android 11; Redmi K30 Pro Build/RKQ1.200826.002; wv) AppleWebKit/537.36 (KHTML, like Gecko) Version/4.0 Chrome/86.0.4240.99 XWEB/3263 MMWEBSDK/20220105 Mobile Safari/537.36 MMWEBID/6953 MicroMessenger/8.0.19.2080(0x2800133D) Process/appbrand0 WeChat/arm64 Weixin NetType/WIFI Language/zh_CN ABI/arm64 MiniProgramEnv/android',
  'charset' => 'utf-8',
  'content-length' => '13',
  'connection' => 'keep-alive',
  'host' => 'www.jiajiazxgg.com',
)
[ info ] [ PARAM ] array (
  'id' => '3179',
)
[ info ] [ RUN ] app\handle\controller\Xcx->getUserInfo[ /www/wwwroot/www.jiajiazxgg.com/webapp/handle/controller/Xcx.php ]
[ info ] [ DB ] INIT mysql
[ info ] [ LOG ] INIT File
---------------------------------------------------------------
[ 2023-03-06T11:41:06+08:00 ] 172.17.142.12 27.187.130.111 POST /index.php/handle/Wifi/wxapplist
[ info ] www.jiajiazxgg.com/index.php/handle/Wifi/wxapplist [运行时间：0.057397s][吞吐率：17.42req/s] [内存消耗：2,448.63kb] [文件加载：50]
[ info ] [ LANG ] /www/wwwroot/www.jiajiazxgg.com/yado/lang/zh-cn.php
[ info ] [ LANG ] /www/wwwroot/www.jiajiazxgg.com/public/../webapp/lang/zh-cn.php
[ info ] [ ROUTE ] array (
  'type' => 'module',
  'module' => 
  array (
    0 => 'handle',
    1 => 'Wifi',
    2 => 'wxapplist',
  ),
)
[ info ] [ HEADER ] array (
  'referer' => 'https://servicewechat.com/wx63e3f8696c8618e8/18/page-frame.html',
  'accept-encoding' => 'gzip,compress,br,deflate',
  'content-type' => 'application/json',
  'user-agent' => 'Mozilla/5.0 (Linux; Android 11; Redmi K30 Pro Build/RKQ1.200826.002; wv) AppleWebKit/537.36 (KHTML, like Gecko) Version/4.0 Chrome/86.0.4240.99 XWEB/3263 MMWEBSDK/20220105 Mobile Safari/537.36 MMWEBID/6953 MicroMessenger/8.0.19.2080(0x2800133D) Process/appbrand0 WeChat/arm64 Weixin NetType/WIFI Language/zh_CN ABI/arm64 MiniProgramEnv/android',
  'charset' => 'utf-8',
  'content-length' => '2',
  'connection' => 'keep-alive',
  'host' => 'www.jiajiazxgg.com',
)
[ info ] [ PARAM ] array (
)
[ info ] [ RUN ] app\handle\controller\Wifi->wxapplist[ /www/wwwroot/www.jiajiazxgg.com/webapp/handle/controller/Wifi.php ]
[ info ] [ DB ] INIT mysql
[ info ] [ LOG ] INIT File
---------------------------------------------------------------
[ 2023-03-06T11:41:10+08:00 ] 172.17.142.12 27.187.130.111 POST /index.php/handle/Wifi/merchant_fenlei
[ info ] www.jiajiazxgg.com/index.php/handle/Wifi/merchant_fenlei [运行时间：0.068756s][吞吐率：14.54req/s] [内存消耗：2,449.35kb] [文件加载：50]
[ info ] [ LANG ] /www/wwwroot/www.jiajiazxgg.com/yado/lang/zh-cn.php
[ info ] [ LANG ] /www/wwwroot/www.jiajiazxgg.com/public/../webapp/lang/zh-cn.php
[ info ] [ ROUTE ] array (
  'type' => 'module',
  'module' => 
  array (
    0 => 'handle',
    1 => 'Wifi',
    2 => 'merchant_fenlei',
  ),
)
[ info ] [ HEADER ] array (
  'referer' => 'https://servicewechat.com/wx63e3f8696c8618e8/18/page-frame.html',
  'accept-encoding' => 'gzip,compress,br,deflate',
  'content-type' => 'application/json',
  'user-agent' => 'Mozilla/5.0 (Linux; Android 11; Redmi K30 Pro Build/RKQ1.200826.002; wv) AppleWebKit/537.36 (KHTML, like Gecko) Version/4.0 Chrome/86.0.4240.99 XWEB/3263 MMWEBSDK/20220105 Mobile Safari/537.36 MMWEBID/6953 MicroMessenger/8.0.19.2080(0x2800133D) Process/appbrand0 WeChat/arm64 Weixin NetType/WIFI Language/zh_CN ABI/arm64 MiniProgramEnv/android',
  'charset' => 'utf-8',
  'content-length' => '2',
  'connection' => 'keep-alive',
  'host' => 'www.jiajiazxgg.com',
)
[ info ] [ PARAM ] array (
)
[ info ] [ RUN ] app\handle\controller\Wifi->merchant_fenlei[ /www/wwwroot/www.jiajiazxgg.com/webapp/handle/controller/Wifi.php ]
[ info ] [ DB ] INIT mysql
[ info ] [ LOG ] INIT File
---------------------------------------------------------------
[ 2023-03-06T11:41:10+08:00 ] 172.17.142.12 27.187.130.111 POST /index.php/handle/wifi/merchant_lists
[ info ] www.jiajiazxgg.com/index.php/handle/wifi/merchant_lists [运行时间：0.058834s][吞吐率：17.00req/s] [内存消耗：2,460.48kb] [文件加载：50]
[ info ] [ LANG ] /www/wwwroot/www.jiajiazxgg.com/yado/lang/zh-cn.php
[ info ] [ LANG ] /www/wwwroot/www.jiajiazxgg.com/public/../webapp/lang/zh-cn.php
[ info ] [ ROUTE ] array (
  'type' => 'module',
  'module' => 
  array (
    0 => 'handle',
    1 => 'wifi',
    2 => 'merchant_lists',
  ),
)
[ info ] [ HEADER ] array (
  'referer' => 'https://servicewechat.com/wx63e3f8696c8618e8/18/page-frame.html',
  'accept-encoding' => 'gzip,compress,br,deflate',
  'content-type' => 'application/json',
  'user-agent' => 'Mozilla/5.0 (Linux; Android 11; Redmi K30 Pro Build/RKQ1.200826.002; wv) AppleWebKit/537.36 (KHTML, like Gecko) Version/4.0 Chrome/86.0.4240.99 XWEB/3263 MMWEBSDK/20220105 Mobile Safari/537.36 MMWEBID/6953 MicroMessenger/8.0.19.2080(0x2800133D) Process/appbrand0 WeChat/arm64 Weixin NetType/WIFI Language/zh_CN ABI/arm64 MiniProgramEnv/android',
  'charset' => 'utf-8',
  'content-length' => '2',
  'connection' => 'keep-alive',
  'host' => 'www.jiajiazxgg.com',
)
[ info ] [ PARAM ] array (
)
[ info ] [ RUN ] app\handle\controller\Wifi->merchant_lists[ /www/wwwroot/www.jiajiazxgg.com/webapp/handle/controller/Wifi.php ]
[ info ] [ DB ] INIT mysql
[ info ] [ LOG ] INIT File
---------------------------------------------------------------
[ 2023-03-06T11:41:13+08:00 ] 172.17.142.12 27.187.130.111 POST /index.php/handle/Xcx/getUserInfo
[ info ] www.jiajiazxgg.com/index.php/handle/Xcx/getUserInfo [运行时间：0.025391s][吞吐率：39.38req/s] [内存消耗：2,175.49kb] [文件加载：46]
[ info ] [ LANG ] /www/wwwroot/www.jiajiazxgg.com/yado/lang/zh-cn.php
[ info ] [ LANG ] /www/wwwroot/www.jiajiazxgg.com/public/../webapp/lang/zh-cn.php
[ info ] [ ROUTE ] array (
  'type' => 'module',
  'module' => 
  array (
    0 => 'handle',
    1 => 'Xcx',
    2 => 'getUserInfo',
  ),
)
[ info ] [ HEADER ] array (
  'referer' => 'https://servicewechat.com/wx63e3f8696c8618e8/18/page-frame.html',
  'accept-encoding' => 'gzip,compress,br,deflate',
  'content-type' => 'application/json',
  'user-agent' => 'Mozilla/5.0 (Linux; Android 11; Redmi K30 Pro Build/RKQ1.200826.002; wv) AppleWebKit/537.36 (KHTML, like Gecko) Version/4.0 Chrome/86.0.4240.99 XWEB/3263 MMWEBSDK/20220105 Mobile Safari/537.36 MMWEBID/6953 MicroMessenger/8.0.19.2080(0x2800133D) Process/appbrand0 WeChat/arm64 Weixin NetType/WIFI Language/zh_CN ABI/arm64 MiniProgramEnv/android',
  'charset' => 'utf-8',
  'content-length' => '13',
  'connection' => 'keep-alive',
  'host' => 'www.jiajiazxgg.com',
)
[ info ] [ PARAM ] array (
  'id' => '3179',
)
[ info ] [ RUN ] app\handle\controller\Xcx->getUserInfo[ /www/wwwroot/www.jiajiazxgg.com/webapp/handle/controller/Xcx.php ]
[ info ] [ DB ] INIT mysql
[ info ] [ LOG ] INIT File
---------------------------------------------------------------
[ 2023-03-06T11:44:28+08:00 ] 172.17.142.12 61.159.1.92 POST /index.php/handle/Wifi/wxapplist
[ info ] www.jiajiazxgg.com/index.php/handle/Wifi/wxapplist [运行时间：0.056596s][吞吐率：17.67req/s] [内存消耗：2,448.63kb] [文件加载：50]
[ info ] [ LANG ] /www/wwwroot/www.jiajiazxgg.com/yado/lang/zh-cn.php
[ info ] [ LANG ] /www/wwwroot/www.jiajiazxgg.com/public/../webapp/lang/zh-cn.php
[ info ] [ ROUTE ] array (
  'type' => 'module',
  'module' => 
  array (
    0 => 'handle',
    1 => 'Wifi',
    2 => 'wxapplist',
  ),
)
[ info ] [ HEADER ] array (
  'referer' => 'https://servicewechat.com/wx63e3f8696c8618e8/18/page-frame.html',
  'accept-encoding' => 'gzip,compress,br,deflate',
  'content-type' => 'application/json',
  'user-agent' => 'Mozilla/5.0 (Linux; Android 12; LSA-AN00 Build/HONORLSA-AN00; wv) AppleWebKit/537.36 (KHTML, like Gecko) Version/4.0 Chrome/86.0.4240.99 XWEB/4425 MMWEBSDK/20221206 Mobile Safari/537.36 MMWEBID/8267 MicroMessenger/8.0.32.2300(0x2800205D) WeChat/arm64 Weixin NetType/5G Language/zh_CN ABI/arm64 MiniProgramEnv/android',
  'charset' => 'utf-8',
  'content-length' => '2',
  'connection' => 'keep-alive',
  'host' => 'www.jiajiazxgg.com',
)
[ info ] [ PARAM ] array (
)
[ info ] [ RUN ] app\handle\controller\Wifi->wxapplist[ /www/wwwroot/www.jiajiazxgg.com/webapp/handle/controller/Wifi.php ]
[ info ] [ DB ] INIT mysql
[ info ] [ LOG ] INIT File
---------------------------------------------------------------
[ 2023-03-06T11:44:28+08:00 ] 172.17.142.12 61.159.1.92 POST /index.php/handle/wifi/wifi_xiangqing
[ info ] www.jiajiazxgg.com/index.php/handle/wifi/wifi_xiangqing [运行时间：0.067108s][吞吐率：14.90req/s] [内存消耗：2,461.94kb] [文件加载：50]
[ info ] [ LANG ] /www/wwwroot/www.jiajiazxgg.com/yado/lang/zh-cn.php
[ info ] [ LANG ] /www/wwwroot/www.jiajiazxgg.com/public/../webapp/lang/zh-cn.php
[ info ] [ ROUTE ] array (
  'type' => 'module',
  'module' => 
  array (
    0 => 'handle',
    1 => 'wifi',
    2 => 'wifi_xiangqing',
  ),
)
[ info ] [ HEADER ] array (
  'referer' => 'https://servicewechat.com/wx63e3f8696c8618e8/18/page-frame.html',
  'accept-encoding' => 'gzip,compress,br,deflate',
  'content-type' => 'application/json',
  'user-agent' => 'Mozilla/5.0 (Linux; Android 12; LSA-AN00 Build/HONORLSA-AN00; wv) AppleWebKit/537.36 (KHTML, like Gecko) Version/4.0 Chrome/86.0.4240.99 XWEB/4425 MMWEBSDK/20221206 Mobile Safari/537.36 MMWEBID/8267 MicroMessenger/8.0.32.2300(0x2800205D) WeChat/arm64 Weixin NetType/5G Language/zh_CN ABI/arm64 MiniProgramEnv/android',
  'charset' => 'utf-8',
  'content-length' => '11',
  'connection' => 'keep-alive',
  'host' => 'www.jiajiazxgg.com',
)
[ info ] [ PARAM ] array (
  'id' => '35',
)
[ info ] [ RUN ] app\handle\controller\Wifi->wifi_xiangqing[ /www/wwwroot/www.jiajiazxgg.com/webapp/handle/controller/Wifi.php ]
[ info ] [ DB ] INIT mysql
[ info ] [ LOG ] INIT File
---------------------------------------------------------------
[ 2023-03-06T11:44:29+08:00 ] 172.17.142.12 61.159.1.92 POST /index.php/handle/Xcx/get_openid
[ info ] www.jiajiazxgg.com/index.php/handle/Xcx/get_openid [运行时间：0.214264s][吞吐率：4.67req/s] [内存消耗：1,549.98kb] [文件加载：40]
[ info ] [ LANG ] /www/wwwroot/www.jiajiazxgg.com/yado/lang/zh-cn.php
[ info ] [ LANG ] /www/wwwroot/www.jiajiazxgg.com/public/../webapp/lang/zh-cn.php
[ info ] [ ROUTE ] array (
  'type' => 'module',
  'module' => 
  array (
    0 => 'handle',
    1 => 'Xcx',
    2 => 'get_openid',
  ),
)
[ info ] [ HEADER ] array (
  'referer' => 'https://servicewechat.com/wx63e3f8696c8618e8/18/page-frame.html',
  'accept-encoding' => 'gzip,compress,br,deflate',
  'content-type' => 'application/json',
  'user-agent' => 'Mozilla/5.0 (Linux; Android 12; LSA-AN00 Build/HONORLSA-AN00; wv) AppleWebKit/537.36 (KHTML, like Gecko) Version/4.0 Chrome/86.0.4240.99 XWEB/4425 MMWEBSDK/20221206 Mobile Safari/537.36 MMWEBID/8267 MicroMessenger/8.0.32.2300(0x2800205D) WeChat/arm64 Weixin NetType/5G Language/zh_CN ABI/arm64 MiniProgramEnv/android',
  'charset' => 'utf-8',
  'content-length' => '43',
  'connection' => 'keep-alive',
  'host' => 'www.jiajiazxgg.com',
)
[ info ] [ PARAM ] array (
  'code' => '061Cg0Ga1GipUE0Ns4Ia19bbkh3Cg0Gy',
)
[ info ] [ RUN ] app\handle\controller\Xcx->get_openid[ /www/wwwroot/www.jiajiazxgg.com/webapp/handle/controller/Xcx.php ]
[ info ] [ LOG ] INIT File
---------------------------------------------------------------
[ 2023-03-06T11:58:49+08:00 ] 172.17.142.12 27.187.130.111 POST /index.php/handle/Xcx/getUserInfo
[ info ] www.jiajiazxgg.com/index.php/handle/Xcx/getUserInfo [运行时间：0.025537s][吞吐率：39.16req/s] [内存消耗：2,175.49kb] [文件加载：46]
[ info ] [ LANG ] /www/wwwroot/www.jiajiazxgg.com/yado/lang/zh-cn.php
[ info ] [ LANG ] /www/wwwroot/www.jiajiazxgg.com/public/../webapp/lang/zh-cn.php
[ info ] [ ROUTE ] array (
  'type' => 'module',
  'module' => 
  array (
    0 => 'handle',
    1 => 'Xcx',
    2 => 'getUserInfo',
  ),
)
[ info ] [ HEADER ] array (
  'referer' => 'https://servicewechat.com/wx63e3f8696c8618e8/18/page-frame.html',
  'accept-encoding' => 'gzip,compress,br,deflate',
  'content-type' => 'application/json',
  'user-agent' => 'Mozilla/5.0 (Linux; Android 11; Redmi K30 Pro Build/RKQ1.200826.002; wv) AppleWebKit/537.36 (KHTML, like Gecko) Version/4.0 Chrome/86.0.4240.99 XWEB/3263 MMWEBSDK/20220105 Mobile Safari/537.36 MMWEBID/6953 MicroMessenger/8.0.19.2080(0x2800133D) Process/appbrand0 WeChat/arm64 Weixin NetType/WIFI Language/zh_CN ABI/arm64 MiniProgramEnv/android',
  'charset' => 'utf-8',
  'content-length' => '13',
  'connection' => 'keep-alive',
  'host' => 'www.jiajiazxgg.com',
)
[ info ] [ PARAM ] array (
  'id' => '3179',
)
[ info ] [ RUN ] app\handle\controller\Xcx->getUserInfo[ /www/wwwroot/www.jiajiazxgg.com/webapp/handle/controller/Xcx.php ]
[ info ] [ DB ] INIT mysql
[ info ] [ LOG ] INIT File
---------------------------------------------------------------
[ 2023-03-06T11:58:51+08:00 ] 172.17.142.12 27.187.130.111 POST /index.php/handle/wifi/merchant_lists
[ info ] www.jiajiazxgg.com/index.php/handle/wifi/merchant_lists [运行时间：0.028000s][吞吐率：35.71req/s] [内存消耗：2,460.48kb] [文件加载：50]
[ info ] [ LANG ] /www/wwwroot/www.jiajiazxgg.com/yado/lang/zh-cn.php
[ info ] [ LANG ] /www/wwwroot/www.jiajiazxgg.com/public/../webapp/lang/zh-cn.php
[ info ] [ ROUTE ] array (
  'type' => 'module',
  'module' => 
  array (
    0 => 'handle',
    1 => 'wifi',
    2 => 'merchant_lists',
  ),
)
[ info ] [ HEADER ] array (
  'referer' => 'https://servicewechat.com/wx63e3f8696c8618e8/18/page-frame.html',
  'accept-encoding' => 'gzip,compress,br,deflate',
  'content-type' => 'application/json',
  'user-agent' => 'Mozilla/5.0 (Linux; Android 11; Redmi K30 Pro Build/RKQ1.200826.002; wv) AppleWebKit/537.36 (KHTML, like Gecko) Version/4.0 Chrome/86.0.4240.99 XWEB/3263 MMWEBSDK/20220105 Mobile Safari/537.36 MMWEBID/6953 MicroMessenger/8.0.19.2080(0x2800133D) Process/appbrand0 WeChat/arm64 Weixin NetType/WIFI Language/zh_CN ABI/arm64 MiniProgramEnv/android',
  'charset' => 'utf-8',
  'content-length' => '2',
  'connection' => 'keep-alive',
  'host' => 'www.jiajiazxgg.com',
)
[ info ] [ PARAM ] array (
)
[ info ] [ RUN ] app\handle\controller\Wifi->merchant_lists[ /www/wwwroot/www.jiajiazxgg.com/webapp/handle/controller/Wifi.php ]
[ info ] [ DB ] INIT mysql
[ info ] [ LOG ] INIT File
---------------------------------------------------------------
[ 2023-03-06T11:58:51+08:00 ] 172.17.142.12 27.187.130.111 POST /index.php/handle/Wifi/merchant_fenlei
[ info ] www.jiajiazxgg.com/index.php/handle/Wifi/merchant_fenlei [运行时间：0.026898s][吞吐率：37.18req/s] [内存消耗：2,449.35kb] [文件加载：50]
[ info ] [ LANG ] /www/wwwroot/www.jiajiazxgg.com/yado/lang/zh-cn.php
[ info ] [ LANG ] /www/wwwroot/www.jiajiazxgg.com/public/../webapp/lang/zh-cn.php
[ info ] [ ROUTE ] array (
  'type' => 'module',
  'module' => 
  array (
    0 => 'handle',
    1 => 'Wifi',
    2 => 'merchant_fenlei',
  ),
)
[ info ] [ HEADER ] array (
  'referer' => 'https://servicewechat.com/wx63e3f8696c8618e8/18/page-frame.html',
  'accept-encoding' => 'gzip,compress,br,deflate',
  'content-type' => 'application/json',
  'user-agent' => 'Mozilla/5.0 (Linux; Android 11; Redmi K30 Pro Build/RKQ1.200826.002; wv) AppleWebKit/537.36 (KHTML, like Gecko) Version/4.0 Chrome/86.0.4240.99 XWEB/3263 MMWEBSDK/20220105 Mobile Safari/537.36 MMWEBID/6953 MicroMessenger/8.0.19.2080(0x2800133D) Process/appbrand0 WeChat/arm64 Weixin NetType/WIFI Language/zh_CN ABI/arm64 MiniProgramEnv/android',
  'charset' => 'utf-8',
  'content-length' => '2',
  'connection' => 'keep-alive',
  'host' => 'www.jiajiazxgg.com',
)
[ info ] [ PARAM ] array (
)
[ info ] [ RUN ] app\handle\controller\Wifi->merchant_fenlei[ /www/wwwroot/www.jiajiazxgg.com/webapp/handle/controller/Wifi.php ]
[ info ] [ DB ] INIT mysql
[ info ] [ LOG ] INIT File
---------------------------------------------------------------
[ 2023-03-06T11:58:53+08:00 ] 172.17.142.12 27.187.130.111 POST /index.php/handle/wifi/dianpu_fl_lists
[ info ] www.jiajiazxgg.com/index.php/handle/wifi/dianpu_fl_lists [运行时间：0.028593s][吞吐率：34.97req/s] [内存消耗：2,457.57kb] [文件加载：50]
[ info ] [ LANG ] /www/wwwroot/www.jiajiazxgg.com/yado/lang/zh-cn.php
[ info ] [ LANG ] /www/wwwroot/www.jiajiazxgg.com/public/../webapp/lang/zh-cn.php
[ info ] [ ROUTE ] array (
  'type' => 'module',
  'module' => 
  array (
    0 => 'handle',
    1 => 'wifi',
    2 => 'dianpu_fl_lists',
  ),
)
[ info ] [ HEADER ] array (
  'referer' => 'https://servicewechat.com/wx63e3f8696c8618e8/18/page-frame.html',
  'accept-encoding' => 'gzip,compress,br,deflate',
  'content-type' => 'application/json',
  'user-agent' => 'Mozilla/5.0 (Linux; Android 11; Redmi K30 Pro Build/RKQ1.200826.002; wv) AppleWebKit/537.36 (KHTML, like Gecko) Version/4.0 Chrome/86.0.4240.99 XWEB/3263 MMWEBSDK/20220105 Mobile Safari/537.36 MMWEBID/6953 MicroMessenger/8.0.19.2080(0x2800133D) Process/appbrand0 WeChat/arm64 Weixin NetType/WIFI Language/zh_CN ABI/arm64 MiniProgramEnv/android',
  'charset' => 'utf-8',
  'content-length' => '12',
  'connection' => 'keep-alive',
  'host' => 'www.jiajiazxgg.com',
)
[ info ] [ PARAM ] array (
  'type' => '1',
)
[ info ] [ RUN ] app\handle\controller\Wifi->dianpu_fl_lists[ /www/wwwroot/www.jiajiazxgg.com/webapp/handle/controller/Wifi.php ]
[ info ] [ DB ] INIT mysql
[ info ] [ LOG ] INIT File
---------------------------------------------------------------
[ 2023-03-06T11:58:55+08:00 ] 172.17.142.12 27.187.130.111 POST /index.php/handle/wifi/merchant_lists
[ info ] www.jiajiazxgg.com/index.php/handle/wifi/merchant_lists [运行时间：0.076114s][吞吐率：13.14req/s] [内存消耗：2,460.48kb] [文件加载：50]
[ info ] [ LANG ] /www/wwwroot/www.jiajiazxgg.com/yado/lang/zh-cn.php
[ info ] [ LANG ] /www/wwwroot/www.jiajiazxgg.com/public/../webapp/lang/zh-cn.php
[ info ] [ ROUTE ] array (
  'type' => 'module',
  'module' => 
  array (
    0 => 'handle',
    1 => 'wifi',
    2 => 'merchant_lists',
  ),
)
[ info ] [ HEADER ] array (
  'referer' => 'https://servicewechat.com/wx63e3f8696c8618e8/18/page-frame.html',
  'accept-encoding' => 'gzip,compress,br,deflate',
  'content-type' => 'application/json',
  'user-agent' => 'Mozilla/5.0 (Linux; Android 11; Redmi K30 Pro Build/RKQ1.200826.002; wv) AppleWebKit/537.36 (KHTML, like Gecko) Version/4.0 Chrome/86.0.4240.99 XWEB/3263 MMWEBSDK/20220105 Mobile Safari/537.36 MMWEBID/6953 MicroMessenger/8.0.19.2080(0x2800133D) Process/appbrand0 WeChat/arm64 Weixin NetType/WIFI Language/zh_CN ABI/arm64 MiniProgramEnv/android',
  'charset' => 'utf-8',
  'content-length' => '2',
  'connection' => 'keep-alive',
  'host' => 'www.jiajiazxgg.com',
)
[ info ] [ PARAM ] array (
)
[ info ] [ RUN ] app\handle\controller\Wifi->merchant_lists[ /www/wwwroot/www.jiajiazxgg.com/webapp/handle/controller/Wifi.php ]
[ info ] [ DB ] INIT mysql
[ info ] [ LOG ] INIT File
---------------------------------------------------------------
[ 2023-03-06T11:58:55+08:00 ] 172.17.142.12 27.187.130.111 POST /index.php/handle/Wifi/merchant_fenlei
[ info ] www.jiajiazxgg.com/index.php/handle/Wifi/merchant_fenlei [运行时间：0.076796s][吞吐率：13.02req/s] [内存消耗：2,449.35kb] [文件加载：50]
[ info ] [ LANG ] /www/wwwroot/www.jiajiazxgg.com/yado/lang/zh-cn.php
[ info ] [ LANG ] /www/wwwroot/www.jiajiazxgg.com/public/../webapp/lang/zh-cn.php
[ info ] [ ROUTE ] array (
  'type' => 'module',
  'module' => 
  array (
    0 => 'handle',
    1 => 'Wifi',
    2 => 'merchant_fenlei',
  ),
)
[ info ] [ HEADER ] array (
  'referer' => 'https://servicewechat.com/wx63e3f8696c8618e8/18/page-frame.html',
  'accept-encoding' => 'gzip,compress,br,deflate',
  'content-type' => 'application/json',
  'user-agent' => 'Mozilla/5.0 (Linux; Android 11; Redmi K30 Pro Build/RKQ1.200826.002; wv) AppleWebKit/537.36 (KHTML, like Gecko) Version/4.0 Chrome/86.0.4240.99 XWEB/3263 MMWEBSDK/20220105 Mobile Safari/537.36 MMWEBID/6953 MicroMessenger/8.0.19.2080(0x2800133D) Process/appbrand0 WeChat/arm64 Weixin NetType/WIFI Language/zh_CN ABI/arm64 MiniProgramEnv/android',
  'charset' => 'utf-8',
  'content-length' => '2',
  'connection' => 'keep-alive',
  'host' => 'www.jiajiazxgg.com',
)
[ info ] [ PARAM ] array (
)
[ info ] [ RUN ] app\handle\controller\Wifi->merchant_fenlei[ /www/wwwroot/www.jiajiazxgg.com/webapp/handle/controller/Wifi.php ]
[ info ] [ DB ] INIT mysql
[ info ] [ LOG ] INIT File
---------------------------------------------------------------
[ 2023-03-06T11:58:56+08:00 ] 172.17.142.12 27.187.130.111 POST /index.php/handle/wifi/dianpu_fl_lists
[ info ] www.jiajiazxgg.com/index.php/handle/wifi/dianpu_fl_lists [运行时间：0.029545s][吞吐率：33.85req/s] [内存消耗：2,457.57kb] [文件加载：50]
[ info ] [ LANG ] /www/wwwroot/www.jiajiazxgg.com/yado/lang/zh-cn.php
[ info ] [ LANG ] /www/wwwroot/www.jiajiazxgg.com/public/../webapp/lang/zh-cn.php
[ info ] [ ROUTE ] array (
  'type' => 'module',
  'module' => 
  array (
    0 => 'handle',
    1 => 'wifi',
    2 => 'dianpu_fl_lists',
  ),
)
[ info ] [ HEADER ] array (
  'referer' => 'https://servicewechat.com/wx63e3f8696c8618e8/18/page-frame.html',
  'accept-encoding' => 'gzip,compress,br,deflate',
  'content-type' => 'application/json',
  'user-agent' => 'Mozilla/5.0 (Linux; Android 11; Redmi K30 Pro Build/RKQ1.200826.002; wv) AppleWebKit/537.36 (KHTML, like Gecko) Version/4.0 Chrome/86.0.4240.99 XWEB/3263 MMWEBSDK/20220105 Mobile Safari/537.36 MMWEBID/6953 MicroMessenger/8.0.19.2080(0x2800133D) Process/appbrand0 WeChat/arm64 Weixin NetType/WIFI Language/zh_CN ABI/arm64 MiniProgramEnv/android',
  'charset' => 'utf-8',
  'content-length' => '12',
  'connection' => 'keep-alive',
  'host' => 'www.jiajiazxgg.com',
)
[ info ] [ PARAM ] array (
  'type' => '2',
)
[ info ] [ RUN ] app\handle\controller\Wifi->dianpu_fl_lists[ /www/wwwroot/www.jiajiazxgg.com/webapp/handle/controller/Wifi.php ]
[ info ] [ DB ] INIT mysql
[ info ] [ LOG ] INIT File
---------------------------------------------------------------
[ 2023-03-06T11:58:57+08:00 ] 172.17.142.12 27.187.130.111 POST /index.php/handle/Wifi/merchant_fenlei
[ info ] www.jiajiazxgg.com/index.php/handle/Wifi/merchant_fenlei [运行时间：0.052574s][吞吐率：19.02req/s] [内存消耗：2,449.35kb] [文件加载：50]
[ info ] [ LANG ] /www/wwwroot/www.jiajiazxgg.com/yado/lang/zh-cn.php
[ info ] [ LANG ] /www/wwwroot/www.jiajiazxgg.com/public/../webapp/lang/zh-cn.php
[ info ] [ ROUTE ] array (
  'type' => 'module',
  'module' => 
  array (
    0 => 'handle',
    1 => 'Wifi',
    2 => 'merchant_fenlei',
  ),
)
[ info ] [ HEADER ] array (
  'referer' => 'https://servicewechat.com/wx63e3f8696c8618e8/18/page-frame.html',
  'accept-encoding' => 'gzip,compress,br,deflate',
  'content-type' => 'application/json',
  'user-agent' => 'Mozilla/5.0 (Linux; Android 11; Redmi K30 Pro Build/RKQ1.200826.002; wv) AppleWebKit/537.36 (KHTML, like Gecko) Version/4.0 Chrome/86.0.4240.99 XWEB/3263 MMWEBSDK/20220105 Mobile Safari/537.36 MMWEBID/6953 MicroMessenger/8.0.19.2080(0x2800133D) Process/appbrand0 WeChat/arm64 Weixin NetType/WIFI Language/zh_CN ABI/arm64 MiniProgramEnv/android',
  'charset' => 'utf-8',
  'content-length' => '2',
  'connection' => 'keep-alive',
  'host' => 'www.jiajiazxgg.com',
)
[ info ] [ PARAM ] array (
)
[ info ] [ RUN ] app\handle\controller\Wifi->merchant_fenlei[ /www/wwwroot/www.jiajiazxgg.com/webapp/handle/controller/Wifi.php ]
[ info ] [ DB ] INIT mysql
[ info ] [ LOG ] INIT File
---------------------------------------------------------------
[ 2023-03-06T11:58:57+08:00 ] 172.17.142.12 27.187.130.111 POST /index.php/handle/wifi/merchant_lists
[ info ] www.jiajiazxgg.com/index.php/handle/wifi/merchant_lists [运行时间：0.057945s][吞吐率：17.26req/s] [内存消耗：2,460.48kb] [文件加载：50]
[ info ] [ LANG ] /www/wwwroot/www.jiajiazxgg.com/yado/lang/zh-cn.php
[ info ] [ LANG ] /www/wwwroot/www.jiajiazxgg.com/public/../webapp/lang/zh-cn.php
[ info ] [ ROUTE ] array (
  'type' => 'module',
  'module' => 
  array (
    0 => 'handle',
    1 => 'wifi',
    2 => 'merchant_lists',
  ),
)
[ info ] [ HEADER ] array (
  'referer' => 'https://servicewechat.com/wx63e3f8696c8618e8/18/page-frame.html',
  'accept-encoding' => 'gzip,compress,br,deflate',
  'content-type' => 'application/json',
  'user-agent' => 'Mozilla/5.0 (Linux; Android 11; Redmi K30 Pro Build/RKQ1.200826.002; wv) AppleWebKit/537.36 (KHTML, like Gecko) Version/4.0 Chrome/86.0.4240.99 XWEB/3263 MMWEBSDK/20220105 Mobile Safari/537.36 MMWEBID/6953 MicroMessenger/8.0.19.2080(0x2800133D) Process/appbrand0 WeChat/arm64 Weixin NetType/WIFI Language/zh_CN ABI/arm64 MiniProgramEnv/android',
  'charset' => 'utf-8',
  'content-length' => '2',
  'connection' => 'keep-alive',
  'host' => 'www.jiajiazxgg.com',
)
[ info ] [ PARAM ] array (
)
[ info ] [ RUN ] app\handle\controller\Wifi->merchant_lists[ /www/wwwroot/www.jiajiazxgg.com/webapp/handle/controller/Wifi.php ]
[ info ] [ DB ] INIT mysql
[ info ] [ LOG ] INIT File
---------------------------------------------------------------
[ 2023-03-06T11:58:58+08:00 ] 172.17.142.12 27.187.130.111 POST /index.php/handle/wifi/dianpu_fl_lists
[ info ] www.jiajiazxgg.com/index.php/handle/wifi/dianpu_fl_lists [运行时间：0.026191s][吞吐率：38.18req/s] [内存消耗：2,457.57kb] [文件加载：50]
[ info ] [ LANG ] /www/wwwroot/www.jiajiazxgg.com/yado/lang/zh-cn.php
[ info ] [ LANG ] /www/wwwroot/www.jiajiazxgg.com/public/../webapp/lang/zh-cn.php
[ info ] [ ROUTE ] array (
  'type' => 'module',
  'module' => 
  array (
    0 => 'handle',
    1 => 'wifi',
    2 => 'dianpu_fl_lists',
  ),
)
[ info ] [ HEADER ] array (
  'referer' => 'https://servicewechat.com/wx63e3f8696c8618e8/18/page-frame.html',
  'accept-encoding' => 'gzip,compress,br,deflate',
  'content-type' => 'application/json',
  'user-agent' => 'Mozilla/5.0 (Linux; Android 11; Redmi K30 Pro Build/RKQ1.200826.002; wv) AppleWebKit/537.36 (KHTML, like Gecko) Version/4.0 Chrome/86.0.4240.99 XWEB/3263 MMWEBSDK/20220105 Mobile Safari/537.36 MMWEBID/6953 MicroMessenger/8.0.19.2080(0x2800133D) Process/appbrand0 WeChat/arm64 Weixin NetType/WIFI Language/zh_CN ABI/arm64 MiniProgramEnv/android',
  'charset' => 'utf-8',
  'content-length' => '12',
  'connection' => 'keep-alive',
  'host' => 'www.jiajiazxgg.com',
)
[ info ] [ PARAM ] array (
  'type' => '3',
)
[ info ] [ RUN ] app\handle\controller\Wifi->dianpu_fl_lists[ /www/wwwroot/www.jiajiazxgg.com/webapp/handle/controller/Wifi.php ]
[ info ] [ DB ] INIT mysql
[ info ] [ LOG ] INIT File
---------------------------------------------------------------
[ 2023-03-06T11:58:59+08:00 ] 172.17.142.12 27.187.130.111 POST /index.php/handle/Wifi/merchant_fenlei
[ info ] www.jiajiazxgg.com/index.php/handle/Wifi/merchant_fenlei [运行时间：0.056804s][吞吐率：17.60req/s] [内存消耗：2,449.35kb] [文件加载：50]
[ info ] [ LANG ] /www/wwwroot/www.jiajiazxgg.com/yado/lang/zh-cn.php
[ info ] [ LANG ] /www/wwwroot/www.jiajiazxgg.com/public/../webapp/lang/zh-cn.php
[ info ] [ ROUTE ] array (
  'type' => 'module',
  'module' => 
  array (
    0 => 'handle',
    1 => 'Wifi',
    2 => 'merchant_fenlei',
  ),
)
[ info ] [ HEADER ] array (
  'referer' => 'https://servicewechat.com/wx63e3f8696c8618e8/18/page-frame.html',
  'accept-encoding' => 'gzip,compress,br,deflate',
  'content-type' => 'application/json',
  'user-agent' => 'Mozilla/5.0 (Linux; Android 11; Redmi K30 Pro Build/RKQ1.200826.002; wv) AppleWebKit/537.36 (KHTML, like Gecko) Version/4.0 Chrome/86.0.4240.99 XWEB/3263 MMWEBSDK/20220105 Mobile Safari/537.36 MMWEBID/6953 MicroMessenger/8.0.19.2080(0x2800133D) Process/appbrand0 WeChat/arm64 Weixin NetType/WIFI Language/zh_CN ABI/arm64 MiniProgramEnv/android',
  'charset' => 'utf-8',
  'content-length' => '2',
  'connection' => 'keep-alive',
  'host' => 'www.jiajiazxgg.com',
)
[ info ] [ PARAM ] array (
)
[ info ] [ RUN ] app\handle\controller\Wifi->merchant_fenlei[ /www/wwwroot/www.jiajiazxgg.com/webapp/handle/controller/Wifi.php ]
[ info ] [ DB ] INIT mysql
[ info ] [ LOG ] INIT File
---------------------------------------------------------------
[ 2023-03-06T11:58:59+08:00 ] 172.17.142.12 27.187.130.111 POST /index.php/handle/wifi/merchant_lists
[ info ] www.jiajiazxgg.com/index.php/handle/wifi/merchant_lists [运行时间：0.057600s][吞吐率：17.36req/s] [内存消耗：2,460.48kb] [文件加载：50]
[ info ] [ LANG ] /www/wwwroot/www.jiajiazxgg.com/yado/lang/zh-cn.php
[ info ] [ LANG ] /www/wwwroot/www.jiajiazxgg.com/public/../webapp/lang/zh-cn.php
[ info ] [ ROUTE ] array (
  'type' => 'module',
  'module' => 
  array (
    0 => 'handle',
    1 => 'wifi',
    2 => 'merchant_lists',
  ),
)
[ info ] [ HEADER ] array (
  'referer' => 'https://servicewechat.com/wx63e3f8696c8618e8/18/page-frame.html',
  'accept-encoding' => 'gzip,compress,br,deflate',
  'content-type' => 'application/json',
  'user-agent' => 'Mozilla/5.0 (Linux; Android 11; Redmi K30 Pro Build/RKQ1.200826.002; wv) AppleWebKit/537.36 (KHTML, like Gecko) Version/4.0 Chrome/86.0.4240.99 XWEB/3263 MMWEBSDK/20220105 Mobile Safari/537.36 MMWEBID/6953 MicroMessenger/8.0.19.2080(0x2800133D) Process/appbrand0 WeChat/arm64 Weixin NetType/WIFI Language/zh_CN ABI/arm64 MiniProgramEnv/android',
  'charset' => 'utf-8',
  'content-length' => '2',
  'connection' => 'keep-alive',
  'host' => 'www.jiajiazxgg.com',
)
[ info ] [ PARAM ] array (
)
[ info ] [ RUN ] app\handle\controller\Wifi->merchant_lists[ /www/wwwroot/www.jiajiazxgg.com/webapp/handle/controller/Wifi.php ]
[ info ] [ DB ] INIT mysql
[ info ] [ LOG ] INIT File
---------------------------------------------------------------
[ 2023-03-06T11:58:59+08:00 ] 172.17.142.12 27.187.130.111 POST /index.php/handle/wifi/dianpu_fl_lists
[ info ] www.jiajiazxgg.com/index.php/handle/wifi/dianpu_fl_lists [运行时间：0.030391s][吞吐率：32.90req/s] [内存消耗：2,462.09kb] [文件加载：50]
[ info ] [ LANG ] /www/wwwroot/www.jiajiazxgg.com/yado/lang/zh-cn.php
[ info ] [ LANG ] /www/wwwroot/www.jiajiazxgg.com/public/../webapp/lang/zh-cn.php
[ info ] [ ROUTE ] array (
  'type' => 'module',
  'module' => 
  array (
    0 => 'handle',
    1 => 'wifi',
    2 => 'dianpu_fl_lists',
  ),
)
[ info ] [ HEADER ] array (
  'referer' => 'https://servicewechat.com/wx63e3f8696c8618e8/18/page-frame.html',
  'accept-encoding' => 'gzip,compress,br,deflate',
  'content-type' => 'application/json',
  'user-agent' => 'Mozilla/5.0 (Linux; Android 11; Redmi K30 Pro Build/RKQ1.200826.002; wv) AppleWebKit/537.36 (KHTML, like Gecko) Version/4.0 Chrome/86.0.4240.99 XWEB/3263 MMWEBSDK/20220105 Mobile Safari/537.36 MMWEBID/6953 MicroMessenger/8.0.19.2080(0x2800133D) Process/appbrand0 WeChat/arm64 Weixin NetType/WIFI Language/zh_CN ABI/arm64 MiniProgramEnv/android',
  'charset' => 'utf-8',
  'content-length' => '12',
  'connection' => 'keep-alive',
  'host' => 'www.jiajiazxgg.com',
)
[ info ] [ PARAM ] array (
  'type' => '4',
)
[ info ] [ RUN ] app\handle\controller\Wifi->dianpu_fl_lists[ /www/wwwroot/www.jiajiazxgg.com/webapp/handle/controller/Wifi.php ]
[ info ] [ DB ] INIT mysql
[ info ] [ LOG ] INIT File
---------------------------------------------------------------
[ 2023-03-06T11:59:10+08:00 ] 172.17.142.12 27.187.130.111 POST /index.php/handle/wifi/merchant_lists
[ info ] www.jiajiazxgg.com/index.php/handle/wifi/merchant_lists [运行时间：0.057552s][吞吐率：17.38req/s] [内存消耗：2,460.48kb] [文件加载：50]
[ info ] [ LANG ] /www/wwwroot/www.jiajiazxgg.com/yado/lang/zh-cn.php
[ info ] [ LANG ] /www/wwwroot/www.jiajiazxgg.com/public/../webapp/lang/zh-cn.php
[ info ] [ ROUTE ] array (
  'type' => 'module',
  'module' => 
  array (
    0 => 'handle',
    1 => 'wifi',
    2 => 'merchant_lists',
  ),
)
[ info ] [ HEADER ] array (
  'referer' => 'https://servicewechat.com/wx63e3f8696c8618e8/18/page-frame.html',
  'accept-encoding' => 'gzip,compress,br,deflate',
  'content-type' => 'application/json',
  'user-agent' => 'Mozilla/5.0 (Linux; Android 11; Redmi K30 Pro Build/RKQ1.200826.002; wv) AppleWebKit/537.36 (KHTML, like Gecko) Version/4.0 Chrome/86.0.4240.99 XWEB/3263 MMWEBSDK/20220105 Mobile Safari/537.36 MMWEBID/6953 MicroMessenger/8.0.19.2080(0x2800133D) Process/appbrand0 WeChat/arm64 Weixin NetType/WIFI Language/zh_CN ABI/arm64 MiniProgramEnv/android',
  'charset' => 'utf-8',
  'content-length' => '2',
  'connection' => 'keep-alive',
  'host' => 'www.jiajiazxgg.com',
)
[ info ] [ PARAM ] array (
)
[ info ] [ RUN ] app\handle\controller\Wifi->merchant_lists[ /www/wwwroot/www.jiajiazxgg.com/webapp/handle/controller/Wifi.php ]
[ info ] [ DB ] INIT mysql
[ info ] [ LOG ] INIT File
---------------------------------------------------------------
[ 2023-03-06T11:59:10+08:00 ] 172.17.142.12 27.187.130.111 POST /index.php/handle/Wifi/merchant_fenlei
[ info ] www.jiajiazxgg.com/index.php/handle/Wifi/merchant_fenlei [运行时间：0.055846s][吞吐率：17.91req/s] [内存消耗：2,449.35kb] [文件加载：50]
[ info ] [ LANG ] /www/wwwroot/www.jiajiazxgg.com/yado/lang/zh-cn.php
[ info ] [ LANG ] /www/wwwroot/www.jiajiazxgg.com/public/../webapp/lang/zh-cn.php
[ info ] [ ROUTE ] array (
  'type' => 'module',
  'module' => 
  array (
    0 => 'handle',
    1 => 'Wifi',
    2 => 'merchant_fenlei',
  ),
)
[ info ] [ HEADER ] array (
  'referer' => 'https://servicewechat.com/wx63e3f8696c8618e8/18/page-frame.html',
  'accept-encoding' => 'gzip,compress,br,deflate',
  'content-type' => 'application/json',
  'user-agent' => 'Mozilla/5.0 (Linux; Android 11; Redmi K30 Pro Build/RKQ1.200826.002; wv) AppleWebKit/537.36 (KHTML, like Gecko) Version/4.0 Chrome/86.0.4240.99 XWEB/3263 MMWEBSDK/20220105 Mobile Safari/537.36 MMWEBID/6953 MicroMessenger/8.0.19.2080(0x2800133D) Process/appbrand0 WeChat/arm64 Weixin NetType/WIFI Language/zh_CN ABI/arm64 MiniProgramEnv/android',
  'charset' => 'utf-8',
  'content-length' => '2',
  'connection' => 'keep-alive',
  'host' => 'www.jiajiazxgg.com',
)
[ info ] [ PARAM ] array (
)
[ info ] [ RUN ] app\handle\controller\Wifi->merchant_fenlei[ /www/wwwroot/www.jiajiazxgg.com/webapp/handle/controller/Wifi.php ]
[ info ] [ DB ] INIT mysql
[ info ] [ LOG ] INIT File
---------------------------------------------------------------
[ 2023-03-06T11:59:13+08:00 ] 172.17.142.12 27.187.130.111 POST /index.php/handle/wifi/dianpu_fl_lists
[ info ] www.jiajiazxgg.com/index.php/handle/wifi/dianpu_fl_lists [运行时间：0.038852s][吞吐率：25.74req/s] [内存消耗：2,458.65kb] [文件加载：50]
[ info ] [ LANG ] /www/wwwroot/www.jiajiazxgg.com/yado/lang/zh-cn.php
[ info ] [ LANG ] /www/wwwroot/www.jiajiazxgg.com/public/../webapp/lang/zh-cn.php
[ info ] [ ROUTE ] array (
  'type' => 'module',
  'module' => 
  array (
    0 => 'handle',
    1 => 'wifi',
    2 => 'dianpu_fl_lists',
  ),
)
[ info ] [ HEADER ] array (
  'referer' => 'https://servicewechat.com/wx63e3f8696c8618e8/18/page-frame.html',
  'accept-encoding' => 'gzip,compress,br,deflate',
  'content-type' => 'application/json',
  'user-agent' => 'Mozilla/5.0 (Linux; Android 11; Redmi K30 Pro Build/RKQ1.200826.002; wv) AppleWebKit/537.36 (KHTML, like Gecko) Version/4.0 Chrome/86.0.4240.99 XWEB/3263 MMWEBSDK/20220105 Mobile Safari/537.36 MMWEBID/6953 MicroMessenger/8.0.19.2080(0x2800133D) Process/appbrand0 WeChat/arm64 Weixin NetType/WIFI Language/zh_CN ABI/arm64 MiniProgramEnv/android',
  'charset' => 'utf-8',
  'content-length' => '12',
  'connection' => 'keep-alive',
  'host' => 'www.jiajiazxgg.com',
)
[ info ] [ PARAM ] array (
  'type' => '5',
)
[ info ] [ RUN ] app\handle\controller\Wifi->dianpu_fl_lists[ /www/wwwroot/www.jiajiazxgg.com/webapp/handle/controller/Wifi.php ]
[ info ] [ DB ] INIT mysql
[ info ] [ LOG ] INIT File
---------------------------------------------------------------
[ 2023-03-06T11:59:16+08:00 ] 172.17.142.12 27.187.130.111 POST /index.php/handle/Wifi/merchant_fenlei
[ info ] www.jiajiazxgg.com/index.php/handle/Wifi/merchant_fenlei [运行时间：0.069802s][吞吐率：14.33req/s] [内存消耗：2,449.35kb] [文件加载：50]
[ info ] [ LANG ] /www/wwwroot/www.jiajiazxgg.com/yado/lang/zh-cn.php
[ info ] [ LANG ] /www/wwwroot/www.jiajiazxgg.com/public/../webapp/lang/zh-cn.php
[ info ] [ ROUTE ] array (
  'type' => 'module',
  'module' => 
  array (
    0 => 'handle',
    1 => 'Wifi',
    2 => 'merchant_fenlei',
  ),
)
[ info ] [ HEADER ] array (
  'referer' => 'https://servicewechat.com/wx63e3f8696c8618e8/18/page-frame.html',
  'accept-encoding' => 'gzip,compress,br,deflate',
  'content-type' => 'application/json',
  'user-agent' => 'Mozilla/5.0 (Linux; Android 11; Redmi K30 Pro Build/RKQ1.200826.002; wv) AppleWebKit/537.36 (KHTML, like Gecko) Version/4.0 Chrome/86.0.4240.99 XWEB/3263 MMWEBSDK/20220105 Mobile Safari/537.36 MMWEBID/6953 MicroMessenger/8.0.19.2080(0x2800133D) Process/appbrand0 WeChat/arm64 Weixin NetType/WIFI Language/zh_CN ABI/arm64 MiniProgramEnv/android',
  'charset' => 'utf-8',
  'content-length' => '2',
  'connection' => 'keep-alive',
  'host' => 'www.jiajiazxgg.com',
)
[ info ] [ PARAM ] array (
)
[ info ] [ RUN ] app\handle\controller\Wifi->merchant_fenlei[ /www/wwwroot/www.jiajiazxgg.com/webapp/handle/controller/Wifi.php ]
[ info ] [ DB ] INIT mysql
[ info ] [ LOG ] INIT File
---------------------------------------------------------------
[ 2023-03-06T11:59:16+08:00 ] 172.17.142.12 27.187.130.111 POST /index.php/handle/wifi/merchant_lists
[ info ] www.jiajiazxgg.com/index.php/handle/wifi/merchant_lists [运行时间：0.069362s][吞吐率：14.42req/s] [内存消耗：2,460.48kb] [文件加载：50]
[ info ] [ LANG ] /www/wwwroot/www.jiajiazxgg.com/yado/lang/zh-cn.php
[ info ] [ LANG ] /www/wwwroot/www.jiajiazxgg.com/public/../webapp/lang/zh-cn.php
[ info ] [ ROUTE ] array (
  'type' => 'module',
  'module' => 
  array (
    0 => 'handle',
    1 => 'wifi',
    2 => 'merchant_lists',
  ),
)
[ info ] [ HEADER ] array (
  'referer' => 'https://servicewechat.com/wx63e3f8696c8618e8/18/page-frame.html',
  'accept-encoding' => 'gzip,compress,br,deflate',
  'content-type' => 'application/json',
  'user-agent' => 'Mozilla/5.0 (Linux; Android 11; Redmi K30 Pro Build/RKQ1.200826.002; wv) AppleWebKit/537.36 (KHTML, like Gecko) Version/4.0 Chrome/86.0.4240.99 XWEB/3263 MMWEBSDK/20220105 Mobile Safari/537.36 MMWEBID/6953 MicroMessenger/8.0.19.2080(0x2800133D) Process/appbrand0 WeChat/arm64 Weixin NetType/WIFI Language/zh_CN ABI/arm64 MiniProgramEnv/android',
  'charset' => 'utf-8',
  'content-length' => '2',
  'connection' => 'keep-alive',
  'host' => 'www.jiajiazxgg.com',
)
[ info ] [ PARAM ] array (
)
[ info ] [ RUN ] app\handle\controller\Wifi->merchant_lists[ /www/wwwroot/www.jiajiazxgg.com/webapp/handle/controller/Wifi.php ]
[ info ] [ DB ] INIT mysql
[ info ] [ LOG ] INIT File
---------------------------------------------------------------
[ 2023-03-06T11:59:17+08:00 ] 172.17.142.12 27.187.130.111 POST /index.php/handle/wifi/dianpu_fl_lists
[ info ] www.jiajiazxgg.com/index.php/handle/wifi/dianpu_fl_lists [运行时间：0.028498s][吞吐率：35.09req/s] [内存消耗：2,457.57kb] [文件加载：50]
[ info ] [ LANG ] /www/wwwroot/www.jiajiazxgg.com/yado/lang/zh-cn.php
[ info ] [ LANG ] /www/wwwroot/www.jiajiazxgg.com/public/../webapp/lang/zh-cn.php
[ info ] [ ROUTE ] array (
  'type' => 'module',
  'module' => 
  array (
    0 => 'handle',
    1 => 'wifi',
    2 => 'dianpu_fl_lists',
  ),
)
[ info ] [ HEADER ] array (
  'referer' => 'https://servicewechat.com/wx63e3f8696c8618e8/18/page-frame.html',
  'accept-encoding' => 'gzip,compress,br,deflate',
  'content-type' => 'application/json',
  'user-agent' => 'Mozilla/5.0 (Linux; Android 11; Redmi K30 Pro Build/RKQ1.200826.002; wv) AppleWebKit/537.36 (KHTML, like Gecko) Version/4.0 Chrome/86.0.4240.99 XWEB/3263 MMWEBSDK/20220105 Mobile Safari/537.36 MMWEBID/6953 MicroMessenger/8.0.19.2080(0x2800133D) Process/appbrand0 WeChat/arm64 Weixin NetType/WIFI Language/zh_CN ABI/arm64 MiniProgramEnv/android',
  'charset' => 'utf-8',
  'content-length' => '12',
  'connection' => 'keep-alive',
  'host' => 'www.jiajiazxgg.com',
)
[ info ] [ PARAM ] array (
  'type' => '6',
)
[ info ] [ RUN ] app\handle\controller\Wifi->dianpu_fl_lists[ /www/wwwroot/www.jiajiazxgg.com/webapp/handle/controller/Wifi.php ]
[ info ] [ DB ] INIT mysql
[ info ] [ LOG ] INIT File
---------------------------------------------------------------
[ 2023-03-06T11:59:19+08:00 ] 172.17.142.12 27.187.130.111 POST /index.php/handle/Wifi/merchant_fenlei
[ info ] www.jiajiazxgg.com/index.php/handle/Wifi/merchant_fenlei [运行时间：0.060163s][吞吐率：16.62req/s] [内存消耗：2,449.35kb] [文件加载：50]
[ info ] [ LANG ] /www/wwwroot/www.jiajiazxgg.com/yado/lang/zh-cn.php
[ info ] [ LANG ] /www/wwwroot/www.jiajiazxgg.com/public/../webapp/lang/zh-cn.php
[ info ] [ ROUTE ] array (
  'type' => 'module',
  'module' => 
  array (
    0 => 'handle',
    1 => 'Wifi',
    2 => 'merchant_fenlei',
  ),
)
[ info ] [ HEADER ] array (
  'referer' => 'https://servicewechat.com/wx63e3f8696c8618e8/18/page-frame.html',
  'accept-encoding' => 'gzip,compress,br,deflate',
  'content-type' => 'application/json',
  'user-agent' => 'Mozilla/5.0 (Linux; Android 11; Redmi K30 Pro Build/RKQ1.200826.002; wv) AppleWebKit/537.36 (KHTML, like Gecko) Version/4.0 Chrome/86.0.4240.99 XWEB/3263 MMWEBSDK/20220105 Mobile Safari/537.36 MMWEBID/6953 MicroMessenger/8.0.19.2080(0x2800133D) Process/appbrand0 WeChat/arm64 Weixin NetType/WIFI Language/zh_CN ABI/arm64 MiniProgramEnv/android',
  'charset' => 'utf-8',
  'content-length' => '2',
  'connection' => 'keep-alive',
  'host' => 'www.jiajiazxgg.com',
)
[ info ] [ PARAM ] array (
)
[ info ] [ RUN ] app\handle\controller\Wifi->merchant_fenlei[ /www/wwwroot/www.jiajiazxgg.com/webapp/handle/controller/Wifi.php ]
[ info ] [ DB ] INIT mysql
[ info ] [ LOG ] INIT File
---------------------------------------------------------------
[ 2023-03-06T11:59:19+08:00 ] 172.17.142.12 27.187.130.111 POST /index.php/handle/wifi/merchant_lists
[ info ] www.jiajiazxgg.com/index.php/handle/wifi/merchant_lists [运行时间：0.054682s][吞吐率：18.29req/s] [内存消耗：2,460.48kb] [文件加载：50]
[ info ] [ LANG ] /www/wwwroot/www.jiajiazxgg.com/yado/lang/zh-cn.php
[ info ] [ LANG ] /www/wwwroot/www.jiajiazxgg.com/public/../webapp/lang/zh-cn.php
[ info ] [ ROUTE ] array (
  'type' => 'module',
  'module' => 
  array (
    0 => 'handle',
    1 => 'wifi',
    2 => 'merchant_lists',
  ),
)
[ info ] [ HEADER ] array (
  'referer' => 'https://servicewechat.com/wx63e3f8696c8618e8/18/page-frame.html',
  'accept-encoding' => 'gzip,compress,br,deflate',
  'content-type' => 'application/json',
  'user-agent' => 'Mozilla/5.0 (Linux; Android 11; Redmi K30 Pro Build/RKQ1.200826.002; wv) AppleWebKit/537.36 (KHTML, like Gecko) Version/4.0 Chrome/86.0.4240.99 XWEB/3263 MMWEBSDK/20220105 Mobile Safari/537.36 MMWEBID/6953 MicroMessenger/8.0.19.2080(0x2800133D) Process/appbrand0 WeChat/arm64 Weixin NetType/WIFI Language/zh_CN ABI/arm64 MiniProgramEnv/android',
  'charset' => 'utf-8',
  'content-length' => '2',
  'connection' => 'keep-alive',
  'host' => 'www.jiajiazxgg.com',
)
[ info ] [ PARAM ] array (
)
[ info ] [ RUN ] app\handle\controller\Wifi->merchant_lists[ /www/wwwroot/www.jiajiazxgg.com/webapp/handle/controller/Wifi.php ]
[ info ] [ DB ] INIT mysql
[ info ] [ LOG ] INIT File
---------------------------------------------------------------
[ 2023-03-06T11:59:20+08:00 ] 172.17.142.12 27.187.130.111 POST /index.php/handle/wifi/dianpu_fl_lists
[ info ] www.jiajiazxgg.com/index.php/handle/wifi/dianpu_fl_lists [运行时间：0.043412s][吞吐率：23.03req/s] [内存消耗：2,457.57kb] [文件加载：50]
[ info ] [ LANG ] /www/wwwroot/www.jiajiazxgg.com/yado/lang/zh-cn.php
[ info ] [ LANG ] /www/wwwroot/www.jiajiazxgg.com/public/../webapp/lang/zh-cn.php
[ info ] [ ROUTE ] array (
  'type' => 'module',
  'module' => 
  array (
    0 => 'handle',
    1 => 'wifi',
    2 => 'dianpu_fl_lists',
  ),
)
[ info ] [ HEADER ] array (
  'referer' => 'https://servicewechat.com/wx63e3f8696c8618e8/18/page-frame.html',
  'accept-encoding' => 'gzip,compress,br,deflate',
  'content-type' => 'application/json',
  'user-agent' => 'Mozilla/5.0 (Linux; Android 11; Redmi K30 Pro Build/RKQ1.200826.002; wv) AppleWebKit/537.36 (KHTML, like Gecko) Version/4.0 Chrome/86.0.4240.99 XWEB/3263 MMWEBSDK/20220105 Mobile Safari/537.36 MMWEBID/6953 MicroMessenger/8.0.19.2080(0x2800133D) Process/appbrand0 WeChat/arm64 Weixin NetType/WIFI Language/zh_CN ABI/arm64 MiniProgramEnv/android',
  'charset' => 'utf-8',
  'content-length' => '12',
  'connection' => 'keep-alive',
  'host' => 'www.jiajiazxgg.com',
)
[ info ] [ PARAM ] array (
  'type' => '7',
)
[ info ] [ RUN ] app\handle\controller\Wifi->dianpu_fl_lists[ /www/wwwroot/www.jiajiazxgg.com/webapp/handle/controller/Wifi.php ]
[ info ] [ DB ] INIT mysql
[ info ] [ LOG ] INIT File
---------------------------------------------------------------
[ 2023-03-06T11:59:21+08:00 ] 172.17.142.12 27.187.130.111 POST /index.php/handle/wifi/merchant_lists
[ info ] www.jiajiazxgg.com/index.php/handle/wifi/merchant_lists [运行时间：0.055479s][吞吐率：18.02req/s] [内存消耗：2,460.48kb] [文件加载：50]
[ info ] [ LANG ] /www/wwwroot/www.jiajiazxgg.com/yado/lang/zh-cn.php
[ info ] [ LANG ] /www/wwwroot/www.jiajiazxgg.com/public/../webapp/lang/zh-cn.php
[ info ] [ ROUTE ] array (
  'type' => 'module',
  'module' => 
  array (
    0 => 'handle',
    1 => 'wifi',
    2 => 'merchant_lists',
  ),
)
[ info ] [ HEADER ] array (
  'referer' => 'https://servicewechat.com/wx63e3f8696c8618e8/18/page-frame.html',
  'accept-encoding' => 'gzip,compress,br,deflate',
  'content-type' => 'application/json',
  'user-agent' => 'Mozilla/5.0 (Linux; Android 11; Redmi K30 Pro Build/RKQ1.200826.002; wv) AppleWebKit/537.36 (KHTML, like Gecko) Version/4.0 Chrome/86.0.4240.99 XWEB/3263 MMWEBSDK/20220105 Mobile Safari/537.36 MMWEBID/6953 MicroMessenger/8.0.19.2080(0x2800133D) Process/appbrand0 WeChat/arm64 Weixin NetType/WIFI Language/zh_CN ABI/arm64 MiniProgramEnv/android',
  'charset' => 'utf-8',
  'content-length' => '2',
  'connection' => 'keep-alive',
  'host' => 'www.jiajiazxgg.com',
)
[ info ] [ PARAM ] array (
)
[ info ] [ RUN ] app\handle\controller\Wifi->merchant_lists[ /www/wwwroot/www.jiajiazxgg.com/webapp/handle/controller/Wifi.php ]
[ info ] [ DB ] INIT mysql
[ info ] [ LOG ] INIT File
---------------------------------------------------------------
[ 2023-03-06T11:59:21+08:00 ] 172.17.142.12 27.187.130.111 POST /index.php/handle/Wifi/merchant_fenlei
[ info ] www.jiajiazxgg.com/index.php/handle/Wifi/merchant_fenlei [运行时间：0.054427s][吞吐率：18.37req/s] [内存消耗：2,449.35kb] [文件加载：50]
[ info ] [ LANG ] /www/wwwroot/www.jiajiazxgg.com/yado/lang/zh-cn.php
[ info ] [ LANG ] /www/wwwroot/www.jiajiazxgg.com/public/../webapp/lang/zh-cn.php
[ info ] [ ROUTE ] array (
  'type' => 'module',
  'module' => 
  array (
    0 => 'handle',
    1 => 'Wifi',
    2 => 'merchant_fenlei',
  ),
)
[ info ] [ HEADER ] array (
  'referer' => 'https://servicewechat.com/wx63e3f8696c8618e8/18/page-frame.html',
  'accept-encoding' => 'gzip,compress,br,deflate',
  'content-type' => 'application/json',
  'user-agent' => 'Mozilla/5.0 (Linux; Android 11; Redmi K30 Pro Build/RKQ1.200826.002; wv) AppleWebKit/537.36 (KHTML, like Gecko) Version/4.0 Chrome/86.0.4240.99 XWEB/3263 MMWEBSDK/20220105 Mobile Safari/537.36 MMWEBID/6953 MicroMessenger/8.0.19.2080(0x2800133D) Process/appbrand0 WeChat/arm64 Weixin NetType/WIFI Language/zh_CN ABI/arm64 MiniProgramEnv/android',
  'charset' => 'utf-8',
  'content-length' => '2',
  'connection' => 'keep-alive',
  'host' => 'www.jiajiazxgg.com',
)
[ info ] [ PARAM ] array (
)
[ info ] [ RUN ] app\handle\controller\Wifi->merchant_fenlei[ /www/wwwroot/www.jiajiazxgg.com/webapp/handle/controller/Wifi.php ]
[ info ] [ DB ] INIT mysql
[ info ] [ LOG ] INIT File
---------------------------------------------------------------
[ 2023-03-06T11:59:22+08:00 ] 172.17.142.12 27.187.130.111 POST /index.php/handle/wifi/dianpu_fl_lists
[ info ] www.jiajiazxgg.com/index.php/handle/wifi/dianpu_fl_lists [运行时间：0.026982s][吞吐率：37.06req/s] [内存消耗：2,457.57kb] [文件加载：50]
[ info ] [ LANG ] /www/wwwroot/www.jiajiazxgg.com/yado/lang/zh-cn.php
[ info ] [ LANG ] /www/wwwroot/www.jiajiazxgg.com/public/../webapp/lang/zh-cn.php
[ info ] [ ROUTE ] array (
  'type' => 'module',
  'module' => 
  array (
    0 => 'handle',
    1 => 'wifi',
    2 => 'dianpu_fl_lists',
  ),
)
[ info ] [ HEADER ] array (
  'referer' => 'https://servicewechat.com/wx63e3f8696c8618e8/18/page-frame.html',
  'accept-encoding' => 'gzip,compress,br,deflate',
  'content-type' => 'application/json',
  'user-agent' => 'Mozilla/5.0 (Linux; Android 11; Redmi K30 Pro Build/RKQ1.200826.002; wv) AppleWebKit/537.36 (KHTML, like Gecko) Version/4.0 Chrome/86.0.4240.99 XWEB/3263 MMWEBSDK/20220105 Mobile Safari/537.36 MMWEBID/6953 MicroMessenger/8.0.19.2080(0x2800133D) Process/appbrand0 WeChat/arm64 Weixin NetType/WIFI Language/zh_CN ABI/arm64 MiniProgramEnv/android',
  'charset' => 'utf-8',
  'content-length' => '12',
  'connection' => 'keep-alive',
  'host' => 'www.jiajiazxgg.com',
)
[ info ] [ PARAM ] array (
  'type' => '8',
)
[ info ] [ RUN ] app\handle\controller\Wifi->dianpu_fl_lists[ /www/wwwroot/www.jiajiazxgg.com/webapp/handle/controller/Wifi.php ]
[ info ] [ DB ] INIT mysql
[ info ] [ LOG ] INIT File
---------------------------------------------------------------
[ 2023-03-06T11:59:23+08:00 ] 172.17.142.12 27.187.130.111 POST /index.php/handle/Wifi/merchant_fenlei
[ info ] www.jiajiazxgg.com/index.php/handle/Wifi/merchant_fenlei [运行时间：0.055368s][吞吐率：18.06req/s] [内存消耗：2,449.35kb] [文件加载：50]
[ info ] [ LANG ] /www/wwwroot/www.jiajiazxgg.com/yado/lang/zh-cn.php
[ info ] [ LANG ] /www/wwwroot/www.jiajiazxgg.com/public/../webapp/lang/zh-cn.php
[ info ] [ ROUTE ] array (
  'type' => 'module',
  'module' => 
  array (
    0 => 'handle',
    1 => 'Wifi',
    2 => 'merchant_fenlei',
  ),
)
[ info ] [ HEADER ] array (
  'referer' => 'https://servicewechat.com/wx63e3f8696c8618e8/18/page-frame.html',
  'accept-encoding' => 'gzip,compress,br,deflate',
  'content-type' => 'application/json',
  'user-agent' => 'Mozilla/5.0 (Linux; Android 11; Redmi K30 Pro Build/RKQ1.200826.002; wv) AppleWebKit/537.36 (KHTML, like Gecko) Version/4.0 Chrome/86.0.4240.99 XWEB/3263 MMWEBSDK/20220105 Mobile Safari/537.36 MMWEBID/6953 MicroMessenger/8.0.19.2080(0x2800133D) Process/appbrand0 WeChat/arm64 Weixin NetType/WIFI Language/zh_CN ABI/arm64 MiniProgramEnv/android',
  'charset' => 'utf-8',
  'content-length' => '2',
  'connection' => 'keep-alive',
  'host' => 'www.jiajiazxgg.com',
)
[ info ] [ PARAM ] array (
)
[ info ] [ RUN ] app\handle\controller\Wifi->merchant_fenlei[ /www/wwwroot/www.jiajiazxgg.com/webapp/handle/controller/Wifi.php ]
[ info ] [ DB ] INIT mysql
[ info ] [ LOG ] INIT File
---------------------------------------------------------------
[ 2023-03-06T11:59:23+08:00 ] 172.17.142.12 27.187.130.111 POST /index.php/handle/wifi/merchant_lists
[ info ] www.jiajiazxgg.com/index.php/handle/wifi/merchant_lists [运行时间：0.055037s][吞吐率：18.17req/s] [内存消耗：2,460.48kb] [文件加载：50]
[ info ] [ LANG ] /www/wwwroot/www.jiajiazxgg.com/yado/lang/zh-cn.php
[ info ] [ LANG ] /www/wwwroot/www.jiajiazxgg.com/public/../webapp/lang/zh-cn.php
[ info ] [ ROUTE ] array (
  'type' => 'module',
  'module' => 
  array (
    0 => 'handle',
    1 => 'wifi',
    2 => 'merchant_lists',
  ),
)
[ info ] [ HEADER ] array (
  'referer' => 'https://servicewechat.com/wx63e3f8696c8618e8/18/page-frame.html',
  'accept-encoding' => 'gzip,compress,br,deflate',
  'content-type' => 'application/json',
  'user-agent' => 'Mozilla/5.0 (Linux; Android 11; Redmi K30 Pro Build/RKQ1.200826.002; wv) AppleWebKit/537.36 (KHTML, like Gecko) Version/4.0 Chrome/86.0.4240.99 XWEB/3263 MMWEBSDK/20220105 Mobile Safari/537.36 MMWEBID/6953 MicroMessenger/8.0.19.2080(0x2800133D) Process/appbrand0 WeChat/arm64 Weixin NetType/WIFI Language/zh_CN ABI/arm64 MiniProgramEnv/android',
  'charset' => 'utf-8',
  'content-length' => '2',
  'connection' => 'keep-alive',
  'host' => 'www.jiajiazxgg.com',
)
[ info ] [ PARAM ] array (
)
[ info ] [ RUN ] app\handle\controller\Wifi->merchant_lists[ /www/wwwroot/www.jiajiazxgg.com/webapp/handle/controller/Wifi.php ]
[ info ] [ DB ] INIT mysql
[ info ] [ LOG ] INIT File
---------------------------------------------------------------
[ 2023-03-06T11:59:23+08:00 ] 172.17.142.12 27.187.130.111 POST /index.php/handle/wifi/dianpu_fl_lists
[ info ] www.jiajiazxgg.com/index.php/handle/wifi/dianpu_fl_lists [运行时间：0.027542s][吞吐率：36.31req/s] [内存消耗：2,457.57kb] [文件加载：50]
[ info ] [ LANG ] /www/wwwroot/www.jiajiazxgg.com/yado/lang/zh-cn.php
[ info ] [ LANG ] /www/wwwroot/www.jiajiazxgg.com/public/../webapp/lang/zh-cn.php
[ info ] [ ROUTE ] array (
  'type' => 'module',
  'module' => 
  array (
    0 => 'handle',
    1 => 'wifi',
    2 => 'dianpu_fl_lists',
  ),
)
[ info ] [ HEADER ] array (
  'referer' => 'https://servicewechat.com/wx63e3f8696c8618e8/18/page-frame.html',
  'accept-encoding' => 'gzip,compress,br,deflate',
  'content-type' => 'application/json',
  'user-agent' => 'Mozilla/5.0 (Linux; Android 11; Redmi K30 Pro Build/RKQ1.200826.002; wv) AppleWebKit/537.36 (KHTML, like Gecko) Version/4.0 Chrome/86.0.4240.99 XWEB/3263 MMWEBSDK/20220105 Mobile Safari/537.36 MMWEBID/6953 MicroMessenger/8.0.19.2080(0x2800133D) Process/appbrand0 WeChat/arm64 Weixin NetType/WIFI Language/zh_CN ABI/arm64 MiniProgramEnv/android',
  'charset' => 'utf-8',
  'content-length' => '12',
  'connection' => 'keep-alive',
  'host' => 'www.jiajiazxgg.com',
)
[ info ] [ PARAM ] array (
  'type' => '9',
)
[ info ] [ RUN ] app\handle\controller\Wifi->dianpu_fl_lists[ /www/wwwroot/www.jiajiazxgg.com/webapp/handle/controller/Wifi.php ]
[ info ] [ DB ] INIT mysql
[ info ] [ LOG ] INIT File
---------------------------------------------------------------
[ 2023-03-06T11:59:24+08:00 ] 172.17.142.12 27.187.130.111 POST /index.php/handle/wifi/merchant_lists
[ info ] www.jiajiazxgg.com/index.php/handle/wifi/merchant_lists [运行时间：0.049475s][吞吐率：20.21req/s] [内存消耗：2,460.48kb] [文件加载：50]
[ info ] [ LANG ] /www/wwwroot/www.jiajiazxgg.com/yado/lang/zh-cn.php
[ info ] [ LANG ] /www/wwwroot/www.jiajiazxgg.com/public/../webapp/lang/zh-cn.php
[ info ] [ ROUTE ] array (
  'type' => 'module',
  'module' => 
  array (
    0 => 'handle',
    1 => 'wifi',
    2 => 'merchant_lists',
  ),
)
[ info ] [ HEADER ] array (
  'referer' => 'https://servicewechat.com/wx63e3f8696c8618e8/18/page-frame.html',
  'accept-encoding' => 'gzip,compress,br,deflate',
  'content-type' => 'application/json',
  'user-agent' => 'Mozilla/5.0 (Linux; Android 11; Redmi K30 Pro Build/RKQ1.200826.002; wv) AppleWebKit/537.36 (KHTML, like Gecko) Version/4.0 Chrome/86.0.4240.99 XWEB/3263 MMWEBSDK/20220105 Mobile Safari/537.36 MMWEBID/6953 MicroMessenger/8.0.19.2080(0x2800133D) Process/appbrand0 WeChat/arm64 Weixin NetType/WIFI Language/zh_CN ABI/arm64 MiniProgramEnv/android',
  'charset' => 'utf-8',
  'content-length' => '2',
  'connection' => 'keep-alive',
  'host' => 'www.jiajiazxgg.com',
)
[ info ] [ PARAM ] array (
)
[ info ] [ RUN ] app\handle\controller\Wifi->merchant_lists[ /www/wwwroot/www.jiajiazxgg.com/webapp/handle/controller/Wifi.php ]
[ info ] [ DB ] INIT mysql
[ info ] [ LOG ] INIT File
---------------------------------------------------------------
[ 2023-03-06T11:59:24+08:00 ] 172.17.142.12 27.187.130.111 POST /index.php/handle/Wifi/merchant_fenlei
[ info ] www.jiajiazxgg.com/index.php/handle/Wifi/merchant_fenlei [运行时间：0.057493s][吞吐率：17.39req/s] [内存消耗：2,449.35kb] [文件加载：50]
[ info ] [ LANG ] /www/wwwroot/www.jiajiazxgg.com/yado/lang/zh-cn.php
[ info ] [ LANG ] /www/wwwroot/www.jiajiazxgg.com/public/../webapp/lang/zh-cn.php
[ info ] [ ROUTE ] array (
  'type' => 'module',
  'module' => 
  array (
    0 => 'handle',
    1 => 'Wifi',
    2 => 'merchant_fenlei',
  ),
)
[ info ] [ HEADER ] array (
  'referer' => 'https://servicewechat.com/wx63e3f8696c8618e8/18/page-frame.html',
  'accept-encoding' => 'gzip,compress,br,deflate',
  'content-type' => 'application/json',
  'user-agent' => 'Mozilla/5.0 (Linux; Android 11; Redmi K30 Pro Build/RKQ1.200826.002; wv) AppleWebKit/537.36 (KHTML, like Gecko) Version/4.0 Chrome/86.0.4240.99 XWEB/3263 MMWEBSDK/20220105 Mobile Safari/537.36 MMWEBID/6953 MicroMessenger/8.0.19.2080(0x2800133D) Process/appbrand0 WeChat/arm64 Weixin NetType/WIFI Language/zh_CN ABI/arm64 MiniProgramEnv/android',
  'charset' => 'utf-8',
  'content-length' => '2',
  'connection' => 'keep-alive',
  'host' => 'www.jiajiazxgg.com',
)
[ info ] [ PARAM ] array (
)
[ info ] [ RUN ] app\handle\controller\Wifi->merchant_fenlei[ /www/wwwroot/www.jiajiazxgg.com/webapp/handle/controller/Wifi.php ]
[ info ] [ DB ] INIT mysql
[ info ] [ LOG ] INIT File
---------------------------------------------------------------
[ 2023-03-06T11:59:26+08:00 ] 172.17.142.12 27.187.130.111 POST /index.php/handle/wifi/dianpu_fl_lists
[ info ] www.jiajiazxgg.com/index.php/handle/wifi/dianpu_fl_lists [运行时间：0.028081s][吞吐率：35.61req/s] [内存消耗：2,458.66kb] [文件加载：50]
[ info ] [ LANG ] /www/wwwroot/www.jiajiazxgg.com/yado/lang/zh-cn.php
[ info ] [ LANG ] /www/wwwroot/www.jiajiazxgg.com/public/../webapp/lang/zh-cn.php
[ info ] [ ROUTE ] array (
  'type' => 'module',
  'module' => 
  array (
    0 => 'handle',
    1 => 'wifi',
    2 => 'dianpu_fl_lists',
  ),
)
[ info ] [ HEADER ] array (
  'referer' => 'https://servicewechat.com/wx63e3f8696c8618e8/18/page-frame.html',
  'accept-encoding' => 'gzip,compress,br,deflate',
  'content-type' => 'application/json',
  'user-agent' => 'Mozilla/5.0 (Linux; Android 11; Redmi K30 Pro Build/RKQ1.200826.002; wv) AppleWebKit/537.36 (KHTML, like Gecko) Version/4.0 Chrome/86.0.4240.99 XWEB/3263 MMWEBSDK/20220105 Mobile Safari/537.36 MMWEBID/6953 MicroMessenger/8.0.19.2080(0x2800133D) Process/appbrand0 WeChat/arm64 Weixin NetType/WIFI Language/zh_CN ABI/arm64 MiniProgramEnv/android',
  'charset' => 'utf-8',
  'content-length' => '13',
  'connection' => 'keep-alive',
  'host' => 'www.jiajiazxgg.com',
)
[ info ] [ PARAM ] array (
  'type' => '10',
)
[ info ] [ RUN ] app\handle\controller\Wifi->dianpu_fl_lists[ /www/wwwroot/www.jiajiazxgg.com/webapp/handle/controller/Wifi.php ]
[ info ] [ DB ] INIT mysql
[ info ] [ LOG ] INIT File
---------------------------------------------------------------
[ 2023-03-06T11:59:28+08:00 ] 172.17.142.12 27.187.130.111 POST /index.php/handle/wifi/merchant_lists
[ info ] www.jiajiazxgg.com/index.php/handle/wifi/merchant_lists [运行时间：0.052956s][吞吐率：18.88req/s] [内存消耗：2,460.48kb] [文件加载：50]
[ info ] [ LANG ] /www/wwwroot/www.jiajiazxgg.com/yado/lang/zh-cn.php
[ info ] [ LANG ] /www/wwwroot/www.jiajiazxgg.com/public/../webapp/lang/zh-cn.php
[ info ] [ ROUTE ] array (
  'type' => 'module',
  'module' => 
  array (
    0 => 'handle',
    1 => 'wifi',
    2 => 'merchant_lists',
  ),
)
[ info ] [ HEADER ] array (
  'referer' => 'https://servicewechat.com/wx63e3f8696c8618e8/18/page-frame.html',
  'accept-encoding' => 'gzip,compress,br,deflate',
  'content-type' => 'application/json',
  'user-agent' => 'Mozilla/5.0 (Linux; Android 11; Redmi K30 Pro Build/RKQ1.200826.002; wv) AppleWebKit/537.36 (KHTML, like Gecko) Version/4.0 Chrome/86.0.4240.99 XWEB/3263 MMWEBSDK/20220105 Mobile Safari/537.36 MMWEBID/6953 MicroMessenger/8.0.19.2080(0x2800133D) Process/appbrand0 WeChat/arm64 Weixin NetType/WIFI Language/zh_CN ABI/arm64 MiniProgramEnv/android',
  'charset' => 'utf-8',
  'content-length' => '2',
  'connection' => 'keep-alive',
  'host' => 'www.jiajiazxgg.com',
)
[ info ] [ PARAM ] array (
)
[ info ] [ RUN ] app\handle\controller\Wifi->merchant_lists[ /www/wwwroot/www.jiajiazxgg.com/webapp/handle/controller/Wifi.php ]
[ info ] [ DB ] INIT mysql
[ info ] [ LOG ] INIT File
---------------------------------------------------------------
[ 2023-03-06T11:59:28+08:00 ] 172.17.142.12 27.187.130.111 POST /index.php/handle/Wifi/merchant_fenlei
[ info ] www.jiajiazxgg.com/index.php/handle/Wifi/merchant_fenlei [运行时间：0.059431s][吞吐率：16.83req/s] [内存消耗：2,449.35kb] [文件加载：50]
[ info ] [ LANG ] /www/wwwroot/www.jiajiazxgg.com/yado/lang/zh-cn.php
[ info ] [ LANG ] /www/wwwroot/www.jiajiazxgg.com/public/../webapp/lang/zh-cn.php
[ info ] [ ROUTE ] array (
  'type' => 'module',
  'module' => 
  array (
    0 => 'handle',
    1 => 'Wifi',
    2 => 'merchant_fenlei',
  ),
)
[ info ] [ HEADER ] array (
  'referer' => 'https://servicewechat.com/wx63e3f8696c8618e8/18/page-frame.html',
  'accept-encoding' => 'gzip,compress,br,deflate',
  'content-type' => 'application/json',
  'user-agent' => 'Mozilla/5.0 (Linux; Android 11; Redmi K30 Pro Build/RKQ1.200826.002; wv) AppleWebKit/537.36 (KHTML, like Gecko) Version/4.0 Chrome/86.0.4240.99 XWEB/3263 MMWEBSDK/20220105 Mobile Safari/537.36 MMWEBID/6953 MicroMessenger/8.0.19.2080(0x2800133D) Process/appbrand0 WeChat/arm64 Weixin NetType/WIFI Language/zh_CN ABI/arm64 MiniProgramEnv/android',
  'charset' => 'utf-8',
  'content-length' => '2',
  'connection' => 'keep-alive',
  'host' => 'www.jiajiazxgg.com',
)
[ info ] [ PARAM ] array (
)
[ info ] [ RUN ] app\handle\controller\Wifi->merchant_fenlei[ /www/wwwroot/www.jiajiazxgg.com/webapp/handle/controller/Wifi.php ]
[ info ] [ DB ] INIT mysql
[ info ] [ LOG ] INIT File
---------------------------------------------------------------
[ 2023-03-06T11:59:30+08:00 ] 172.17.142.12 27.187.130.111 POST /index.php/handle/Xcx/getUserInfo
[ info ] www.jiajiazxgg.com/index.php/handle/Xcx/getUserInfo [运行时间：0.024766s][吞吐率：40.38req/s] [内存消耗：2,175.49kb] [文件加载：46]
[ info ] [ LANG ] /www/wwwroot/www.jiajiazxgg.com/yado/lang/zh-cn.php
[ info ] [ LANG ] /www/wwwroot/www.jiajiazxgg.com/public/../webapp/lang/zh-cn.php
[ info ] [ ROUTE ] array (
  'type' => 'module',
  'module' => 
  array (
    0 => 'handle',
    1 => 'Xcx',
    2 => 'getUserInfo',
  ),
)
[ info ] [ HEADER ] array (
  'referer' => 'https://servicewechat.com/wx63e3f8696c8618e8/18/page-frame.html',
  'accept-encoding' => 'gzip,compress,br,deflate',
  'content-type' => 'application/json',
  'user-agent' => 'Mozilla/5.0 (Linux; Android 11; Redmi K30 Pro Build/RKQ1.200826.002; wv) AppleWebKit/537.36 (KHTML, like Gecko) Version/4.0 Chrome/86.0.4240.99 XWEB/3263 MMWEBSDK/20220105 Mobile Safari/537.36 MMWEBID/6953 MicroMessenger/8.0.19.2080(0x2800133D) Process/appbrand0 WeChat/arm64 Weixin NetType/WIFI Language/zh_CN ABI/arm64 MiniProgramEnv/android',
  'charset' => 'utf-8',
  'content-length' => '13',
  'connection' => 'keep-alive',
  'host' => 'www.jiajiazxgg.com',
)
[ info ] [ PARAM ] array (
  'id' => '3179',
)
[ info ] [ RUN ] app\handle\controller\Xcx->getUserInfo[ /www/wwwroot/www.jiajiazxgg.com/webapp/handle/controller/Xcx.php ]
[ info ] [ DB ] INIT mysql
[ info ] [ LOG ] INIT File
---------------------------------------------------------------
[ 2023-03-06T11:59:34+08:00 ] 172.17.142.12 27.187.130.111 POST /index.php/handle/Xcx/getUserInfo
[ info ] www.jiajiazxgg.com/index.php/handle/Xcx/getUserInfo [运行时间：0.025910s][吞吐率：38.60req/s] [内存消耗：2,175.49kb] [文件加载：46]
[ info ] [ LANG ] /www/wwwroot/www.jiajiazxgg.com/yado/lang/zh-cn.php
[ info ] [ LANG ] /www/wwwroot/www.jiajiazxgg.com/public/../webapp/lang/zh-cn.php
[ info ] [ ROUTE ] array (
  'type' => 'module',
  'module' => 
  array (
    0 => 'handle',
    1 => 'Xcx',
    2 => 'getUserInfo',
  ),
)
[ info ] [ HEADER ] array (
  'referer' => 'https://servicewechat.com/wx63e3f8696c8618e8/18/page-frame.html',
  'accept-encoding' => 'gzip,compress,br,deflate',
  'content-type' => 'application/json',
  'user-agent' => 'Mozilla/5.0 (Linux; Android 11; Redmi K30 Pro Build/RKQ1.200826.002; wv) AppleWebKit/537.36 (KHTML, like Gecko) Version/4.0 Chrome/86.0.4240.99 XWEB/3263 MMWEBSDK/20220105 Mobile Safari/537.36 MMWEBID/6953 MicroMessenger/8.0.19.2080(0x2800133D) Process/appbrand0 WeChat/arm64 Weixin NetType/WIFI Language/zh_CN ABI/arm64 MiniProgramEnv/android',
  'charset' => 'utf-8',
  'content-length' => '13',
  'connection' => 'keep-alive',
  'host' => 'www.jiajiazxgg.com',
)
[ info ] [ PARAM ] array (
  'id' => '3179',
)
[ info ] [ RUN ] app\handle\controller\Xcx->getUserInfo[ /www/wwwroot/www.jiajiazxgg.com/webapp/handle/controller/Xcx.php ]
[ info ] [ DB ] INIT mysql
[ info ] [ LOG ] INIT File
---------------------------------------------------------------
[ 2023-03-06T12:00:48+08:00 ] 172.17.142.12 39.144.86.194 POST /index.php/handle/Xcx/getUserInfo
[ info ] www.jiajiazxgg.com/index.php/handle/Xcx/getUserInfo [运行时间：0.023845s][吞吐率：41.94req/s] [内存消耗：2,175.49kb] [文件加载：46]
[ info ] [ LANG ] /www/wwwroot/www.jiajiazxgg.com/yado/lang/zh-cn.php
[ info ] [ LANG ] /www/wwwroot/www.jiajiazxgg.com/public/../webapp/lang/zh-cn.php
[ info ] [ ROUTE ] array (
  'type' => 'module',
  'module' => 
  array (
    0 => 'handle',
    1 => 'Xcx',
    2 => 'getUserInfo',
  ),
)
[ info ] [ HEADER ] array (
  'referer' => 'https://servicewechat.com/wx63e3f8696c8618e8/18/page-frame.html',
  'accept-encoding' => 'gzip,compress,br,deflate',
  'content-type' => 'application/json',
  'user-agent' => 'Mozilla/5.0 (Linux; Android 11; Redmi K30 Pro Build/RKQ1.200826.002; wv) AppleWebKit/537.36 (KHTML, like Gecko) Version/4.0 Chrome/86.0.4240.99 XWEB/3263 MMWEBSDK/20220105 Mobile Safari/537.36 MMWEBID/6953 MicroMessenger/8.0.19.2080(0x2800133D) Process/appbrand0 WeChat/arm64 Weixin NetType/WIFI Language/zh_CN ABI/arm64 MiniProgramEnv/android',
  'charset' => 'utf-8',
  'content-length' => '13',
  'connection' => 'keep-alive',
  'host' => 'www.jiajiazxgg.com',
)
[ info ] [ PARAM ] array (
  'id' => '3179',
)
[ info ] [ RUN ] app\handle\controller\Xcx->getUserInfo[ /www/wwwroot/www.jiajiazxgg.com/webapp/handle/controller/Xcx.php ]
[ info ] [ DB ] INIT mysql
[ info ] [ LOG ] INIT File
---------------------------------------------------------------
[ 2023-03-06T12:09:09+08:00 ] 172.17.142.12 193.118.53.210 GET /
[ info ] 39.106.3.107/ [运行时间：0.020545s][吞吐率：48.67req/s] [内存消耗：1,720.14kb] [文件加载：45]
[ info ] [ LANG ] /www/wwwroot/www.jiajiazxgg.com/yado/lang/zh-cn.php
[ info ] [ LANG ] /www/wwwroot/www.jiajiazxgg.com/public/../webapp/lang/zh-cn.php
[ info ] [ ROUTE ] array (
  'type' => 'module',
  'module' => 
  array (
    0 => '',
    1 => NULL,
    2 => NULL,
  ),
)
[ info ] [ HEADER ] array (
  'accept-encoding' => 'gzip',
  'accept' => '*/*',
  'user-agent' => 'Mozilla/5.0 (Windows NT 10.0; Win64; x64) AppleWebKit/537.36 (KHTML, like Gecko) Chrome/60.0.3112.113 Safari/537.36',
  'host' => '39.106.3.107',
  'content-type' => '',
  'content-length' => '',
)
[ info ] [ PARAM ] array (
)
[ info ] [ SESSION ] INIT array (
  'id' => '',
  'var_session_id' => '',
  'prefix' => 'think',
  'type' => '',
  'auto_start' => true,
  'httponly' => true,
  'secure' => false,
)
[ info ] [ LOG ] INIT File
---------------------------------------------------------------
[ 2023-03-06T12:09:31+08:00 ] 172.17.142.12 39.144.86.194 POST /index.php/handle/Xcx/getUserInfo
[ info ] www.jiajiazxgg.com/index.php/handle/Xcx/getUserInfo [运行时间：0.045276s][吞吐率：22.09req/s] [内存消耗：2,175.49kb] [文件加载：46]
[ info ] [ LANG ] /www/wwwroot/www.jiajiazxgg.com/yado/lang/zh-cn.php
[ info ] [ LANG ] /www/wwwroot/www.jiajiazxgg.com/public/../webapp/lang/zh-cn.php
[ info ] [ ROUTE ] array (
  'type' => 'module',
  'module' => 
  array (
    0 => 'handle',
    1 => 'Xcx',
    2 => 'getUserInfo',
  ),
)
[ info ] [ HEADER ] array (
  'referer' => 'https://servicewechat.com/wx63e3f8696c8618e8/18/page-frame.html',
  'accept-encoding' => 'gzip,compress,br,deflate',
  'content-type' => 'application/json',
  'user-agent' => 'Mozilla/5.0 (Linux; Android 11; Redmi K30 Pro Build/RKQ1.200826.002; wv) AppleWebKit/537.36 (KHTML, like Gecko) Version/4.0 Chrome/86.0.4240.99 XWEB/3263 MMWEBSDK/20220105 Mobile Safari/537.36 MMWEBID/6953 MicroMessenger/8.0.19.2080(0x2800133D) Process/appbrand0 WeChat/arm64 Weixin NetType/5G Language/zh_CN ABI/arm64 MiniProgramEnv/android',
  'charset' => 'utf-8',
  'content-length' => '13',
  'connection' => 'keep-alive',
  'host' => 'www.jiajiazxgg.com',
)
[ info ] [ PARAM ] array (
  'id' => '3179',
)
[ info ] [ RUN ] app\handle\controller\Xcx->getUserInfo[ /www/wwwroot/www.jiajiazxgg.com/webapp/handle/controller/Xcx.php ]
[ info ] [ DB ] INIT mysql
[ info ] [ LOG ] INIT File
---------------------------------------------------------------
[ 2023-03-06T12:09:31+08:00 ] 172.17.142.12 39.144.86.194 POST /index.php/handle/Wifi/wxapplist
[ info ] www.jiajiazxgg.com/index.php/handle/Wifi/wxapplist [运行时间：0.053291s][吞吐率：18.76req/s] [内存消耗：2,448.63kb] [文件加载：50]
[ info ] [ LANG ] /www/wwwroot/www.jiajiazxgg.com/yado/lang/zh-cn.php
[ info ] [ LANG ] /www/wwwroot/www.jiajiazxgg.com/public/../webapp/lang/zh-cn.php
[ info ] [ ROUTE ] array (
  'type' => 'module',
  'module' => 
  array (
    0 => 'handle',
    1 => 'Wifi',
    2 => 'wxapplist',
  ),
)
[ info ] [ HEADER ] array (
  'referer' => 'https://servicewechat.com/wx63e3f8696c8618e8/18/page-frame.html',
  'accept-encoding' => 'gzip,compress,br,deflate',
  'content-type' => 'application/json',
  'user-agent' => 'Mozilla/5.0 (Linux; Android 11; Redmi K30 Pro Build/RKQ1.200826.002; wv) AppleWebKit/537.36 (KHTML, like Gecko) Version/4.0 Chrome/86.0.4240.99 XWEB/3263 MMWEBSDK/20220105 Mobile Safari/537.36 MMWEBID/6953 MicroMessenger/8.0.19.2080(0x2800133D) Process/appbrand0 WeChat/arm64 Weixin NetType/5G Language/zh_CN ABI/arm64 MiniProgramEnv/android',
  'charset' => 'utf-8',
  'content-length' => '2',
  'connection' => 'keep-alive',
  'host' => 'www.jiajiazxgg.com',
)
[ info ] [ PARAM ] array (
)
[ info ] [ RUN ] app\handle\controller\Wifi->wxapplist[ /www/wwwroot/www.jiajiazxgg.com/webapp/handle/controller/Wifi.php ]
[ info ] [ DB ] INIT mysql
[ info ] [ LOG ] INIT File
---------------------------------------------------------------
[ 2023-03-06T12:09:35+08:00 ] 172.17.142.12 39.144.86.194 POST /index.php/handle/Wifi/merchant_fenlei
[ info ] www.jiajiazxgg.com/index.php/handle/Wifi/merchant_fenlei [运行时间：0.056302s][吞吐率：17.76req/s] [内存消耗：2,449.35kb] [文件加载：50]
[ info ] [ LANG ] /www/wwwroot/www.jiajiazxgg.com/yado/lang/zh-cn.php
[ info ] [ LANG ] /www/wwwroot/www.jiajiazxgg.com/public/../webapp/lang/zh-cn.php
[ info ] [ ROUTE ] array (
  'type' => 'module',
  'module' => 
  array (
    0 => 'handle',
    1 => 'Wifi',
    2 => 'merchant_fenlei',
  ),
)
[ info ] [ HEADER ] array (
  'referer' => 'https://servicewechat.com/wx63e3f8696c8618e8/18/page-frame.html',
  'accept-encoding' => 'gzip,compress,br,deflate',
  'content-type' => 'application/json',
  'user-agent' => 'Mozilla/5.0 (Linux; Android 11; Redmi K30 Pro Build/RKQ1.200826.002; wv) AppleWebKit/537.36 (KHTML, like Gecko) Version/4.0 Chrome/86.0.4240.99 XWEB/3263 MMWEBSDK/20220105 Mobile Safari/537.36 MMWEBID/6953 MicroMessenger/8.0.19.2080(0x2800133D) Process/appbrand0 WeChat/arm64 Weixin NetType/5G Language/zh_CN ABI/arm64 MiniProgramEnv/android',
  'charset' => 'utf-8',
  'content-length' => '2',
  'connection' => 'keep-alive',
  'host' => 'www.jiajiazxgg.com',
)
[ info ] [ PARAM ] array (
)
[ info ] [ RUN ] app\handle\controller\Wifi->merchant_fenlei[ /www/wwwroot/www.jiajiazxgg.com/webapp/handle/controller/Wifi.php ]
[ info ] [ DB ] INIT mysql
[ info ] [ LOG ] INIT File
---------------------------------------------------------------
[ 2023-03-06T12:09:35+08:00 ] 172.17.142.12 39.144.86.194 POST /index.php/handle/wifi/merchant_lists
[ info ] www.jiajiazxgg.com/index.php/handle/wifi/merchant_lists [运行时间：0.052514s][吞吐率：19.04req/s] [内存消耗：2,460.48kb] [文件加载：50]
[ info ] [ LANG ] /www/wwwroot/www.jiajiazxgg.com/yado/lang/zh-cn.php
[ info ] [ LANG ] /www/wwwroot/www.jiajiazxgg.com/public/../webapp/lang/zh-cn.php
[ info ] [ ROUTE ] array (
  'type' => 'module',
  'module' => 
  array (
    0 => 'handle',
    1 => 'wifi',
    2 => 'merchant_lists',
  ),
)
[ info ] [ HEADER ] array (
  'referer' => 'https://servicewechat.com/wx63e3f8696c8618e8/18/page-frame.html',
  'accept-encoding' => 'gzip,compress,br,deflate',
  'content-type' => 'application/json',
  'user-agent' => 'Mozilla/5.0 (Linux; Android 11; Redmi K30 Pro Build/RKQ1.200826.002; wv) AppleWebKit/537.36 (KHTML, like Gecko) Version/4.0 Chrome/86.0.4240.99 XWEB/3263 MMWEBSDK/20220105 Mobile Safari/537.36 MMWEBID/6953 MicroMessenger/8.0.19.2080(0x2800133D) Process/appbrand0 WeChat/arm64 Weixin NetType/5G Language/zh_CN ABI/arm64 MiniProgramEnv/android',
  'charset' => 'utf-8',
  'content-length' => '2',
  'connection' => 'keep-alive',
  'host' => 'www.jiajiazxgg.com',
)
[ info ] [ PARAM ] array (
)
[ info ] [ RUN ] app\handle\controller\Wifi->merchant_lists[ /www/wwwroot/www.jiajiazxgg.com/webapp/handle/controller/Wifi.php ]
[ info ] [ DB ] INIT mysql
[ info ] [ LOG ] INIT File
---------------------------------------------------------------
[ 2023-03-06T12:09:39+08:00 ] 172.17.142.12 39.144.86.194 POST /index.php/handle/Xcx/getUserInfo
[ info ] www.jiajiazxgg.com/index.php/handle/Xcx/getUserInfo [运行时间：0.026068s][吞吐率：38.36req/s] [内存消耗：2,175.49kb] [文件加载：46]
[ info ] [ LANG ] /www/wwwroot/www.jiajiazxgg.com/yado/lang/zh-cn.php
[ info ] [ LANG ] /www/wwwroot/www.jiajiazxgg.com/public/../webapp/lang/zh-cn.php
[ info ] [ ROUTE ] array (
  'type' => 'module',
  'module' => 
  array (
    0 => 'handle',
    1 => 'Xcx',
    2 => 'getUserInfo',
  ),
)
[ info ] [ HEADER ] array (
  'referer' => 'https://servicewechat.com/wx63e3f8696c8618e8/18/page-frame.html',
  'accept-encoding' => 'gzip,compress,br,deflate',
  'content-type' => 'application/json',
  'user-agent' => 'Mozilla/5.0 (Linux; Android 11; Redmi K30 Pro Build/RKQ1.200826.002; wv) AppleWebKit/537.36 (KHTML, like Gecko) Version/4.0 Chrome/86.0.4240.99 XWEB/3263 MMWEBSDK/20220105 Mobile Safari/537.36 MMWEBID/6953 MicroMessenger/8.0.19.2080(0x2800133D) Process/appbrand0 WeChat/arm64 Weixin NetType/5G Language/zh_CN ABI/arm64 MiniProgramEnv/android',
  'charset' => 'utf-8',
  'content-length' => '13',
  'connection' => 'keep-alive',
  'host' => 'www.jiajiazxgg.com',
)
[ info ] [ PARAM ] array (
  'id' => '3179',
)
[ info ] [ RUN ] app\handle\controller\Xcx->getUserInfo[ /www/wwwroot/www.jiajiazxgg.com/webapp/handle/controller/Xcx.php ]
[ info ] [ DB ] INIT mysql
[ info ] [ LOG ] INIT File
---------------------------------------------------------------
[ 2023-03-06T12:09:41+08:00 ] 172.17.142.12 39.144.86.194 POST /index.php/handle/Wifi/merchant_fenlei
[ info ] www.jiajiazxgg.com/index.php/handle/Wifi/merchant_fenlei [运行时间：0.046522s][吞吐率：21.50req/s] [内存消耗：2,449.35kb] [文件加载：50]
[ info ] [ LANG ] /www/wwwroot/www.jiajiazxgg.com/yado/lang/zh-cn.php
[ info ] [ LANG ] /www/wwwroot/www.jiajiazxgg.com/public/../webapp/lang/zh-cn.php
[ info ] [ ROUTE ] array (
  'type' => 'module',
  'module' => 
  array (
    0 => 'handle',
    1 => 'Wifi',
    2 => 'merchant_fenlei',
  ),
)
[ info ] [ HEADER ] array (
  'referer' => 'https://servicewechat.com/wx63e3f8696c8618e8/18/page-frame.html',
  'accept-encoding' => 'gzip,compress,br,deflate',
  'content-type' => 'application/json',
  'user-agent' => 'Mozilla/5.0 (Linux; Android 11; Redmi K30 Pro Build/RKQ1.200826.002; wv) AppleWebKit/537.36 (KHTML, like Gecko) Version/4.0 Chrome/86.0.4240.99 XWEB/3263 MMWEBSDK/20220105 Mobile Safari/537.36 MMWEBID/6953 MicroMessenger/8.0.19.2080(0x2800133D) Process/appbrand0 WeChat/arm64 Weixin NetType/5G Language/zh_CN ABI/arm64 MiniProgramEnv/android',
  'charset' => 'utf-8',
  'content-length' => '2',
  'connection' => 'keep-alive',
  'host' => 'www.jiajiazxgg.com',
)
[ info ] [ PARAM ] array (
)
[ info ] [ RUN ] app\handle\controller\Wifi->merchant_fenlei[ /www/wwwroot/www.jiajiazxgg.com/webapp/handle/controller/Wifi.php ]
[ info ] [ DB ] INIT mysql
[ info ] [ LOG ] INIT File
---------------------------------------------------------------
[ 2023-03-06T12:09:41+08:00 ] 172.17.142.12 39.144.86.194 POST /index.php/handle/wifi/merchant_lists
[ info ] www.jiajiazxgg.com/index.php/handle/wifi/merchant_lists [运行时间：0.036292s][吞吐率：27.55req/s] [内存消耗：2,460.48kb] [文件加载：50]
[ info ] [ LANG ] /www/wwwroot/www.jiajiazxgg.com/yado/lang/zh-cn.php
[ info ] [ LANG ] /www/wwwroot/www.jiajiazxgg.com/public/../webapp/lang/zh-cn.php
[ info ] [ ROUTE ] array (
  'type' => 'module',
  'module' => 
  array (
    0 => 'handle',
    1 => 'wifi',
    2 => 'merchant_lists',
  ),
)
[ info ] [ HEADER ] array (
  'referer' => 'https://servicewechat.com/wx63e3f8696c8618e8/18/page-frame.html',
  'accept-encoding' => 'gzip,compress,br,deflate',
  'content-type' => 'application/json',
  'user-agent' => 'Mozilla/5.0 (Linux; Android 11; Redmi K30 Pro Build/RKQ1.200826.002; wv) AppleWebKit/537.36 (KHTML, like Gecko) Version/4.0 Chrome/86.0.4240.99 XWEB/3263 MMWEBSDK/20220105 Mobile Safari/537.36 MMWEBID/6953 MicroMessenger/8.0.19.2080(0x2800133D) Process/appbrand0 WeChat/arm64 Weixin NetType/5G Language/zh_CN ABI/arm64 MiniProgramEnv/android',
  'charset' => 'utf-8',
  'content-length' => '2',
  'connection' => 'keep-alive',
  'host' => 'www.jiajiazxgg.com',
)
[ info ] [ PARAM ] array (
)
[ info ] [ RUN ] app\handle\controller\Wifi->merchant_lists[ /www/wwwroot/www.jiajiazxgg.com/webapp/handle/controller/Wifi.php ]
[ info ] [ DB ] INIT mysql
[ info ] [ LOG ] INIT File
---------------------------------------------------------------
[ 2023-03-06T12:09:42+08:00 ] 172.17.142.12 39.144.86.194 POST /index.php/handle/Xcx/getUserInfo
[ info ] www.jiajiazxgg.com/index.php/handle/Xcx/getUserInfo [运行时间：0.027016s][吞吐率：37.02req/s] [内存消耗：2,175.49kb] [文件加载：46]
[ info ] [ LANG ] /www/wwwroot/www.jiajiazxgg.com/yado/lang/zh-cn.php
[ info ] [ LANG ] /www/wwwroot/www.jiajiazxgg.com/public/../webapp/lang/zh-cn.php
[ info ] [ ROUTE ] array (
  'type' => 'module',
  'module' => 
  array (
    0 => 'handle',
    1 => 'Xcx',
    2 => 'getUserInfo',
  ),
)
[ info ] [ HEADER ] array (
  'referer' => 'https://servicewechat.com/wx63e3f8696c8618e8/18/page-frame.html',
  'accept-encoding' => 'gzip,compress,br,deflate',
  'content-type' => 'application/json',
  'user-agent' => 'Mozilla/5.0 (Linux; Android 11; Redmi K30 Pro Build/RKQ1.200826.002; wv) AppleWebKit/537.36 (KHTML, like Gecko) Version/4.0 Chrome/86.0.4240.99 XWEB/3263 MMWEBSDK/20220105 Mobile Safari/537.36 MMWEBID/6953 MicroMessenger/8.0.19.2080(0x2800133D) Process/appbrand0 WeChat/arm64 Weixin NetType/5G Language/zh_CN ABI/arm64 MiniProgramEnv/android',
  'charset' => 'utf-8',
  'content-length' => '13',
  'connection' => 'keep-alive',
  'host' => 'www.jiajiazxgg.com',
)
[ info ] [ PARAM ] array (
  'id' => '3179',
)
[ info ] [ RUN ] app\handle\controller\Xcx->getUserInfo[ /www/wwwroot/www.jiajiazxgg.com/webapp/handle/controller/Xcx.php ]
[ info ] [ DB ] INIT mysql
[ info ] [ LOG ] INIT File
---------------------------------------------------------------
[ 2023-03-06T12:09:45+08:00 ] 172.17.142.12 39.144.86.194 POST /index.php/handle/wifi/merchant_lists
[ info ] www.jiajiazxgg.com/index.php/handle/wifi/merchant_lists [运行时间：0.063196s][吞吐率：15.82req/s] [内存消耗：2,460.48kb] [文件加载：50]
[ info ] [ LANG ] /www/wwwroot/www.jiajiazxgg.com/yado/lang/zh-cn.php
[ info ] [ LANG ] /www/wwwroot/www.jiajiazxgg.com/public/../webapp/lang/zh-cn.php
[ info ] [ ROUTE ] array (
  'type' => 'module',
  'module' => 
  array (
    0 => 'handle',
    1 => 'wifi',
    2 => 'merchant_lists',
  ),
)
[ info ] [ HEADER ] array (
  'referer' => 'https://servicewechat.com/wx63e3f8696c8618e8/18/page-frame.html',
  'accept-encoding' => 'gzip,compress,br,deflate',
  'content-type' => 'application/json',
  'user-agent' => 'Mozilla/5.0 (Linux; Android 11; Redmi K30 Pro Build/RKQ1.200826.002; wv) AppleWebKit/537.36 (KHTML, like Gecko) Version/4.0 Chrome/86.0.4240.99 XWEB/3263 MMWEBSDK/20220105 Mobile Safari/537.36 MMWEBID/6953 MicroMessenger/8.0.19.2080(0x2800133D) Process/appbrand0 WeChat/arm64 Weixin NetType/5G Language/zh_CN ABI/arm64 MiniProgramEnv/android',
  'charset' => 'utf-8',
  'content-length' => '2',
  'connection' => 'keep-alive',
  'host' => 'www.jiajiazxgg.com',
)
[ info ] [ PARAM ] array (
)
[ info ] [ RUN ] app\handle\controller\Wifi->merchant_lists[ /www/wwwroot/www.jiajiazxgg.com/webapp/handle/controller/Wifi.php ]
[ info ] [ DB ] INIT mysql
[ info ] [ LOG ] INIT File
---------------------------------------------------------------
[ 2023-03-06T12:09:45+08:00 ] 172.17.142.12 39.144.86.194 POST /index.php/handle/Wifi/merchant_fenlei
[ info ] www.jiajiazxgg.com/index.php/handle/Wifi/merchant_fenlei [运行时间：0.062582s][吞吐率：15.98req/s] [内存消耗：2,449.35kb] [文件加载：50]
[ info ] [ LANG ] /www/wwwroot/www.jiajiazxgg.com/yado/lang/zh-cn.php
[ info ] [ LANG ] /www/wwwroot/www.jiajiazxgg.com/public/../webapp/lang/zh-cn.php
[ info ] [ ROUTE ] array (
  'type' => 'module',
  'module' => 
  array (
    0 => 'handle',
    1 => 'Wifi',
    2 => 'merchant_fenlei',
  ),
)
[ info ] [ HEADER ] array (
  'referer' => 'https://servicewechat.com/wx63e3f8696c8618e8/18/page-frame.html',
  'accept-encoding' => 'gzip,compress,br,deflate',
  'content-type' => 'application/json',
  'user-agent' => 'Mozilla/5.0 (Linux; Android 11; Redmi K30 Pro Build/RKQ1.200826.002; wv) AppleWebKit/537.36 (KHTML, like Gecko) Version/4.0 Chrome/86.0.4240.99 XWEB/3263 MMWEBSDK/20220105 Mobile Safari/537.36 MMWEBID/6953 MicroMessenger/8.0.19.2080(0x2800133D) Process/appbrand0 WeChat/arm64 Weixin NetType/5G Language/zh_CN ABI/arm64 MiniProgramEnv/android',
  'charset' => 'utf-8',
  'content-length' => '2',
  'connection' => 'keep-alive',
  'host' => 'www.jiajiazxgg.com',
)
[ info ] [ PARAM ] array (
)
[ info ] [ RUN ] app\handle\controller\Wifi->merchant_fenlei[ /www/wwwroot/www.jiajiazxgg.com/webapp/handle/controller/Wifi.php ]
[ info ] [ DB ] INIT mysql
[ info ] [ LOG ] INIT File
---------------------------------------------------------------
[ 2023-03-06T12:11:26+08:00 ] 172.17.142.12 116.179.32.180 GET /
[ info ] www.jiajiazxgg.com/ [运行时间：0.017607s][吞吐率：56.80req/s] [内存消耗：1,721.01kb] [文件加载：45]
[ info ] [ LANG ] /www/wwwroot/www.jiajiazxgg.com/yado/lang/zh-cn.php
[ info ] [ LANG ] /www/wwwroot/www.jiajiazxgg.com/public/../webapp/lang/zh-cn.php
[ info ] [ ROUTE ] array (
  'type' => 'module',
  'module' => 
  array (
    0 => '',
    1 => NULL,
    2 => NULL,
  ),
)
[ info ] [ HEADER ] array (
  'host' => 'www.jiajiazxgg.com',
  'accept-language' => 'en-US,*',
  'accept-encoding' => 'gzip, deflate',
  'connection' => 'Keep-Alive',
  'referer' => 'http://www.baidu.com/s?wd=where8u3',
  'user-agent' => 'Mozilla/5.0 (Windows NT 6.1; WOW64; rv:43.0) Gecko/20100101 Firefox/43.0',
  'accept' => 'text/html,application/xhtml+xml,application/xml;q=0.9,*/*;q=0.8',
  'content-type' => '',
  'content-length' => '',
)
[ info ] [ PARAM ] array (
)
[ info ] [ SESSION ] INIT array (
  'id' => '',
  'var_session_id' => '',
  'prefix' => 'think',
  'type' => '',
  'auto_start' => true,
  'httponly' => true,
  'secure' => false,
)
[ info ] [ LOG ] INIT File
---------------------------------------------------------------
[ 2023-03-06T12:13:12+08:00 ] 172.17.142.12 54.219.39.100 GET /
[ info ] 39.106.3.107:443/ [运行时间：0.018687s][吞吐率：53.51req/s] [内存消耗：1,720.22kb] [文件加载：45]
[ info ] [ LANG ] /www/wwwroot/www.jiajiazxgg.com/yado/lang/zh-cn.php
[ info ] [ LANG ] /www/wwwroot/www.jiajiazxgg.com/public/../webapp/lang/zh-cn.php
[ info ] [ ROUTE ] array (
  'type' => 'module',
  'module' => 
  array (
    0 => '',
    1 => NULL,
    2 => NULL,
  ),
)
[ info ] [ HEADER ] array (
  'user-agent' => 'Mozilla/5.0 (Macintosh; Intel Mac OS X 10_11_5) AppleWebKit/537.36 (KHTML, like Gecko) Chrome/50.0.2661.102 Safari/537.36',
  'accept-encoding' => 'gzip',
  'connection' => 'close',
  'host' => '39.106.3.107:443',
  'content-type' => '',
  'content-length' => '',
)
[ info ] [ PARAM ] array (
)
[ info ] [ SESSION ] INIT array (
  'id' => '',
  'var_session_id' => '',
  'prefix' => 'think',
  'type' => '',
  'auto_start' => true,
  'httponly' => true,
  'secure' => false,
)
[ info ] [ LOG ] INIT File
---------------------------------------------------------------
[ 2023-03-06T12:14:17+08:00 ] 172.17.142.12 198.235.24.135 GET /
[ info ] 39.106.3.107:443/ [运行时间：0.018682s][吞吐率：53.53req/s] [内存消耗：1,720.45kb] [文件加载：45]
[ info ] [ LANG ] /www/wwwroot/www.jiajiazxgg.com/yado/lang/zh-cn.php
[ info ] [ LANG ] /www/wwwroot/www.jiajiazxgg.com/public/../webapp/lang/zh-cn.php
[ info ] [ ROUTE ] array (
  'type' => 'module',
  'module' => 
  array (
    0 => '',
    1 => NULL,
    2 => NULL,
  ),
)
[ info ] [ HEADER ] array (
  'user-agent' => 'Expanse, a Palo Alto Networks company, searches across the global IPv4 space multiple times per day to identify customers&#39; presences on the Internet. If you would like to be excluded from our scans, please send IP addresses/domains to: scaninfo@paloaltonetworks.com',
  'host' => '39.106.3.107:443',
  'content-type' => '',
  'content-length' => '',
)
[ info ] [ PARAM ] array (
)
[ info ] [ SESSION ] INIT array (
  'id' => '',
  'var_session_id' => '',
  'prefix' => 'think',
  'type' => '',
  'auto_start' => true,
  'httponly' => true,
  'secure' => false,
)
[ info ] [ LOG ] INIT File
---------------------------------------------------------------
[ 2023-03-06T12:18:13+08:00 ] 172.17.142.12 218.12.15.98 POST /index.php/handle/Wifi/wxapplist
[ info ] www.jiajiazxgg.com/index.php/handle/Wifi/wxapplist [运行时间：0.076427s][吞吐率：13.08req/s] [内存消耗：2,448.63kb] [文件加载：50]
[ info ] [ LANG ] /www/wwwroot/www.jiajiazxgg.com/yado/lang/zh-cn.php
[ info ] [ LANG ] /www/wwwroot/www.jiajiazxgg.com/public/../webapp/lang/zh-cn.php
[ info ] [ ROUTE ] array (
  'type' => 'module',
  'module' => 
  array (
    0 => 'handle',
    1 => 'Wifi',
    2 => 'wxapplist',
  ),
)
[ info ] [ HEADER ] array (
  'referer' => 'https://servicewechat.com/wx63e3f8696c8618e8/18/page-frame.html',
  'accept-encoding' => 'gzip,compress,br,deflate',
  'content-type' => 'application/json',
  'user-agent' => 'Mozilla/5.0 (Linux; Android 11; M2012K10C Build/RP1A.200720.011; wv) AppleWebKit/537.36 (KHTML, like Gecko) Version/4.0 Chrome/86.0.4240.99 XWEB/4425 MMWEBSDK/20221206 Mobile Safari/537.36 MMWEBID/8627 MicroMessenger/8.0.32.2300(0x2800205D) WeChat/arm64 Weixin NetType/4G Language/zh_CN ABI/arm64 MiniProgramEnv/android',
  'charset' => 'utf-8',
  'content-length' => '2',
  'connection' => 'keep-alive',
  'host' => 'www.jiajiazxgg.com',
)
[ info ] [ PARAM ] array (
)
[ info ] [ RUN ] app\handle\controller\Wifi->wxapplist[ /www/wwwroot/www.jiajiazxgg.com/webapp/handle/controller/Wifi.php ]
[ info ] [ DB ] INIT mysql
[ info ] [ LOG ] INIT File
---------------------------------------------------------------
[ 2023-03-06T12:18:13+08:00 ] 172.17.142.12 218.12.15.98 POST /index.php/handle/wifi/wifi_xiangqing
[ info ] www.jiajiazxgg.com/index.php/handle/wifi/wifi_xiangqing [运行时间：0.086788s][吞吐率：11.52req/s] [内存消耗：2,459.55kb] [文件加载：50]
[ info ] [ LANG ] /www/wwwroot/www.jiajiazxgg.com/yado/lang/zh-cn.php
[ info ] [ LANG ] /www/wwwroot/www.jiajiazxgg.com/public/../webapp/lang/zh-cn.php
[ info ] [ ROUTE ] array (
  'type' => 'module',
  'module' => 
  array (
    0 => 'handle',
    1 => 'wifi',
    2 => 'wifi_xiangqing',
  ),
)
[ info ] [ HEADER ] array (
  'referer' => 'https://servicewechat.com/wx63e3f8696c8618e8/18/page-frame.html',
  'accept-encoding' => 'gzip,compress,br,deflate',
  'content-type' => 'application/json',
  'user-agent' => 'Mozilla/5.0 (Linux; Android 11; M2012K10C Build/RP1A.200720.011; wv) AppleWebKit/537.36 (KHTML, like Gecko) Version/4.0 Chrome/86.0.4240.99 XWEB/4425 MMWEBSDK/20221206 Mobile Safari/537.36 MMWEBID/8627 MicroMessenger/8.0.32.2300(0x2800205D) WeChat/arm64 Weixin NetType/4G Language/zh_CN ABI/arm64 MiniProgramEnv/android',
  'charset' => 'utf-8',
  'content-length' => '11',
  'connection' => 'keep-alive',
  'host' => 'www.jiajiazxgg.com',
)
[ info ] [ PARAM ] array (
  'id' => '36',
)
[ info ] [ RUN ] app\handle\controller\Wifi->wifi_xiangqing[ /www/wwwroot/www.jiajiazxgg.com/webapp/handle/controller/Wifi.php ]
[ info ] [ DB ] INIT mysql
[ info ] [ LOG ] INIT File
---------------------------------------------------------------
[ 2023-03-06T12:18:13+08:00 ] 172.17.142.12 218.12.15.98 POST /index.php/handle/Xcx/get_openid
[ info ] www.jiajiazxgg.com/index.php/handle/Xcx/get_openid [运行时间：0.373853s][吞吐率：2.67req/s] [内存消耗：1,549.98kb] [文件加载：40]
[ info ] [ LANG ] /www/wwwroot/www.jiajiazxgg.com/yado/lang/zh-cn.php
[ info ] [ LANG ] /www/wwwroot/www.jiajiazxgg.com/public/../webapp/lang/zh-cn.php
[ info ] [ ROUTE ] array (
  'type' => 'module',
  'module' => 
  array (
    0 => 'handle',
    1 => 'Xcx',
    2 => 'get_openid',
  ),
)
[ info ] [ HEADER ] array (
  'referer' => 'https://servicewechat.com/wx63e3f8696c8618e8/18/page-frame.html',
  'accept-encoding' => 'gzip,compress,br,deflate',
  'content-type' => 'application/json',
  'user-agent' => 'Mozilla/5.0 (Linux; Android 11; M2012K10C Build/RP1A.200720.011; wv) AppleWebKit/537.36 (KHTML, like Gecko) Version/4.0 Chrome/86.0.4240.99 XWEB/4425 MMWEBSDK/20221206 Mobile Safari/537.36 MMWEBID/8627 MicroMessenger/8.0.32.2300(0x2800205D) WeChat/arm64 Weixin NetType/4G Language/zh_CN ABI/arm64 MiniProgramEnv/android',
  'charset' => 'utf-8',
  'content-length' => '43',
  'connection' => 'keep-alive',
  'host' => 'www.jiajiazxgg.com',
)
[ info ] [ PARAM ] array (
  'code' => '013rpAGa1JgJSE0pSsFa1YGKcb2rpAGy',
)
[ info ] [ RUN ] app\handle\controller\Xcx->get_openid[ /www/wwwroot/www.jiajiazxgg.com/webapp/handle/controller/Xcx.php ]
[ info ] [ LOG ] INIT File
